This file contains any messages produced by compilers while
running configure, to aid debugging if configure makes a mistake.

It was created by canutils configure 3.0.2, which was
generated by GNU Autoconf 2.69.  Invocation command line was

  $ ./configure CC=arm-none-linux-gnueabi-gcc --host=arm-linux host_alias=arm-linux --no-create --no-recursion

## --------- ##
## Platform. ##
## --------- ##

hostname = localhost.localdomain
uname -m = i686
uname -r = 3.19.8-100.fc20.i686
uname -s = Linux
uname -v = #1 SMP Tue May 12 17:42:35 UTC 2015

/usr/bin/uname -p = i686
/bin/uname -X     = unknown

/bin/arch              = i686
/usr/bin/arch -k       = unknown
/usr/convex/getsysinfo = unknown
/usr/bin/hostinfo      = unknown
/bin/machine           = unknown
/usr/bin/oslevel       = unknown
/bin/universe          = unknown

PATH: /usr/lib/ccache
PATH: /usr/local/bin
PATH: /usr/bin
PATH: /bin
PATH: /usr/local/sbin
PATH: /usr/sbin
PATH: /usr/local/p4v/bin
PATH: /usr/local/arm/arm-2008q3-linux/bin
PATH: /usr/local/arm/3.3.2/bin
PATH: /home/xspeed/.local/bin
PATH: /home/xspeed/bin


## ----------- ##
## Core tests. ##
## ----------- ##

configure:2702: checking build system type
configure:2716: result: i686-pc-linux-gnu
configure:2736: checking host system type
configure:2749: result: arm-unknown-linux-gnu
configure:2783: checking for arm-linux-gcc
configure:2810: result: arm-none-linux-gnueabi-gcc
configure:3079: checking for C compiler version
configure:3088: arm-none-linux-gnueabi-gcc --version >&5
arm-none-linux-gnueabi-gcc (Sourcery G++ Lite 2008q3-41) 4.3.2
Copyright (C) 2008 Free Software Foundation, Inc.
This is free software; see the source for copying conditions.  There is NO
warranty; not even for MERCHANTABILITY or FITNESS FOR A PARTICULAR PURPOSE.

configure:3099: $? = 0
configure:3088: arm-none-linux-gnueabi-gcc -v >&5
Using built-in specs.
Target: arm-none-linux-gnueabi
Configured with: /scratch/julian/lite-release/linux/src/gcc-4.3/configure --build=i686-pc-linux-gnu --host=i686-pc-linux-gnu --target=arm-none-linux-gnueabi --enable-threads --disable-libmudflap --disable-libssp --disable-libstdcxx-pch --with-gnu-as --with-gnu-ld --enable-languages=c,c++ --enable-shared --enable-symvers=gnu --enable-__cxa_atexit --with-pkgversion='Sourcery G++ Lite 2008q3-41' --with-bugurl=https://support.codesourcery.com/GNUToolchain/ --disable-nls --prefix=/opt/codesourcery --with-sysroot=/opt/codesourcery/arm-none-linux-gnueabi/libc --with-build-sysroot=/scratch/julian/lite-release/linux/install/arm-none-linux-gnueabi/libc --with-gmp=/scratch/julian/lite-release/linux/obj/host-libs-2008q3-41-arm-none-linux-gnueabi-i686-pc-linux-gnu/usr --with-mpfr=/scratch/julian/lite-release/linux/obj/host-libs-2008q3-41-arm-none-linux-gnueabi-i686-pc-linux-gnu/usr --disable-libgomp --enable-poison-system-directories --with-build-time-tools=/scratch/julian/lite-release/linux/install/arm-none-linux-gnueabi/bin --with-build-time-tools=/scratch/julian/lite-release/linux/install/arm-none-linux-gnueabi/bin
Thread model: posix
gcc version 4.3.2 (Sourcery G++ Lite 2008q3-41) 
configure:3099: $? = 0
configure:3088: arm-none-linux-gnueabi-gcc -V >&5
arm-none-linux-gnueabi-gcc: '-V' option must have argument
configure:3099: $? = 1
configure:3088: arm-none-linux-gnueabi-gcc -qversion >&5
arm-none-linux-gnueabi-gcc: unrecognized option '-qversion'
arm-none-linux-gnueabi-gcc: no input files
configure:3099: $? = 1
configure:3119: checking whether the C compiler works
configure:3141: arm-none-linux-gnueabi-gcc  -Wall -g   conftest.c  >&5
configure:3145: $? = 0
configure:3193: result: yes
configure:3196: checking for C compiler default output file name
configure:3198: result: a.out
configure:3204: checking for suffix of executables
configure:3211: arm-none-linux-gnueabi-gcc -o conftest  -Wall -g   conftest.c  >&5
configure:3215: $? = 0
configure:3237: result: 
configure:3259: checking whether we are cross compiling
configure:3267: arm-none-linux-gnueabi-gcc -o conftest  -Wall -g   conftest.c  >&5
configure:3271: $? = 0
configure:3278: ./conftest
./configure: line 3280: ./conftest: cannot execute binary file
configure:3282: $? = 126
configure:3297: result: yes
configure:3302: checking for suffix of object files
configure:3324: arm-none-linux-gnueabi-gcc -c  -Wall -g  conftest.c >&5
configure:3328: $? = 0
configure:3349: result: o
configure:3353: checking whether we are using the GNU C compiler
configure:3372: arm-none-linux-gnueabi-gcc -c  -Wall -g  conftest.c >&5
configure:3372: $? = 0
configure:3381: result: yes
configure:3390: checking whether arm-none-linux-gnueabi-gcc accepts -g
configure:3410: arm-none-linux-gnueabi-gcc -c -g  conftest.c >&5
configure:3410: $? = 0
configure:3451: result: yes
configure:3468: checking for arm-none-linux-gnueabi-gcc option to accept ISO C89
configure:3531: arm-none-linux-gnueabi-gcc  -c  -Wall -g  conftest.c >&5
configure:3531: $? = 0
configure:3544: result: none needed
configure:3656: checking for a sed that does not truncate output
configure:3712: result: /usr/bin/sed
configure:3715: checking for grep that handles long lines and -e
configure:3773: result: /usr/bin/grep
configure:3778: checking for egrep
configure:3840: result: /usr/bin/grep -E
configure:3856: checking for ld used by arm-none-linux-gnueabi-gcc
configure:3923: result: /usr/local/arm/arm-2008q3-linux/arm-none-linux-gnueabi/bin/ld
configure:3930: checking if the linker (/usr/local/arm/arm-2008q3-linux/arm-none-linux-gnueabi/bin/ld) is GNU ld
configure:3945: result: yes
configure:3950: checking for /usr/local/arm/arm-2008q3-linux/arm-none-linux-gnueabi/bin/ld option to reload object files
configure:3957: result: -r
configure:3975: checking for BSD-compatible nm
configure:4024: result: /usr/local/arm/3.3.2/bin/arm-linux-nm -B
configure:4028: checking whether ln -s works
configure:4032: result: yes
configure:4039: checking how to recognize dependent libraries
configure:4225: result: pass_all
configure:4723: checking how to run the C preprocessor
configure:4754: arm-none-linux-gnueabi-gcc -E  conftest.c
configure:4754: $? = 0
configure:4768: arm-none-linux-gnueabi-gcc -E  conftest.c
conftest.c:9:28: error: ac_nonexistent.h: No such file or directory
configure:4768: $? = 1
configure: failed program was:
| /* confdefs.h */
| #define PACKAGE_NAME "canutils"
| #define PACKAGE_TARNAME "canutils"
| #define PACKAGE_VERSION "3.0.2"
| #define PACKAGE_STRING "canutils 3.0.2"
| #define PACKAGE_BUGREPORT "bugs@pengutronix.de"
| #define PACKAGE_URL ""
| /* end confdefs.h.  */
| #include <ac_nonexistent.h>
configure:4793: result: arm-none-linux-gnueabi-gcc -E
configure:4813: arm-none-linux-gnueabi-gcc -E  conftest.c
configure:4813: $? = 0
configure:4827: arm-none-linux-gnueabi-gcc -E  conftest.c
conftest.c:9:28: error: ac_nonexistent.h: No such file or directory
configure:4827: $? = 1
configure: failed program was:
| /* confdefs.h */
| #define PACKAGE_NAME "canutils"
| #define PACKAGE_TARNAME "canutils"
| #define PACKAGE_VERSION "3.0.2"
| #define PACKAGE_STRING "canutils 3.0.2"
| #define PACKAGE_BUGREPORT "bugs@pengutronix.de"
| #define PACKAGE_URL ""
| /* end confdefs.h.  */
| #include <ac_nonexistent.h>
configure:4856: checking for ANSI C header files
configure:4876: arm-none-linux-gnueabi-gcc -c  -Wall -g  conftest.c >&5
configure:4876: $? = 0
configure:4960: result: yes
configure:4973: checking for sys/types.h
configure:4973: arm-none-linux-gnueabi-gcc -c  -Wall -g  conftest.c >&5
configure:4973: $? = 0
configure:4973: result: yes
configure:4973: checking for sys/stat.h
configure:4973: arm-none-linux-gnueabi-gcc -c  -Wall -g  conftest.c >&5
configure:4973: $? = 0
configure:4973: result: yes
configure:4973: checking for stdlib.h
configure:4973: arm-none-linux-gnueabi-gcc -c  -Wall -g  conftest.c >&5
configure:4973: $? = 0
configure:4973: result: yes
configure:4973: checking for string.h
configure:4973: arm-none-linux-gnueabi-gcc -c  -Wall -g  conftest.c >&5
configure:4973: $? = 0
configure:4973: result: yes
configure:4973: checking for memory.h
configure:4973: arm-none-linux-gnueabi-gcc -c  -Wall -g  conftest.c >&5
configure:4973: $? = 0
configure:4973: result: yes
configure:4973: checking for strings.h
configure:4973: arm-none-linux-gnueabi-gcc -c  -Wall -g  conftest.c >&5
configure:4973: $? = 0
configure:4973: result: yes
configure:4973: checking for inttypes.h
configure:4973: arm-none-linux-gnueabi-gcc -c  -Wall -g  conftest.c >&5
configure:4973: $? = 0
configure:4973: result: yes
configure:4973: checking for stdint.h
configure:4973: arm-none-linux-gnueabi-gcc -c  -Wall -g  conftest.c >&5
configure:4973: $? = 0
configure:4973: result: yes
configure:4973: checking for unistd.h
configure:4973: arm-none-linux-gnueabi-gcc -c  -Wall -g  conftest.c >&5
configure:4973: $? = 0
configure:4973: result: yes
configure:4987: checking dlfcn.h usability
configure:4987: arm-none-linux-gnueabi-gcc -c  -Wall -g  conftest.c >&5
configure:4987: $? = 0
configure:4987: result: yes
configure:4987: checking dlfcn.h presence
configure:4987: arm-none-linux-gnueabi-gcc -E  conftest.c
configure:4987: $? = 0
configure:4987: result: yes
configure:4987: checking for dlfcn.h
configure:4987: result: yes
configure:5011: checking for arm-linux-g++
configure:5027: found /usr/local/arm/3.3.2/bin/arm-linux-g++
configure:5038: result: arm-linux-g++
configure:5109: checking for C++ compiler version
configure:5118: arm-linux-g++ --version >&5
arm-linux-g++ (GCC) 3.3.2
Copyright (C) 2003 Free Software Foundation, Inc.
This is free software; see the source for copying conditions.  There is NO
warranty; not even for MERCHANTABILITY or FITNESS FOR A PARTICULAR PURPOSE.

configure:5129: $? = 0
configure:5118: arm-linux-g++ -v >&5
Reading specs from /usr/local/arm/3.3.2/lib/gcc-lib/arm-linux/3.3.2/specs
Configured with: ../gcc-3.3.2/configure --target=arm-linux --with-cpu=strongarm1100 --prefix=/usr/local/arm/3.3.2 i686-pc-linux-gnu --with-headers=/work/kernel.h3900/include --enable-threads=pthreads --enable-shared --enable-static --enable-languages=c,c++
Thread model: posix
gcc version 3.3.2
configure:5129: $? = 0
configure:5118: arm-linux-g++ -V >&5
arm-linux-g++: `-V' option must have argument
configure:5129: $? = 1
configure:5118: arm-linux-g++ -qversion >&5
arm-linux-g++: unrecognized option `-qversion'
arm-linux-g++: no input files
configure:5129: $? = 1
configure:5133: checking whether we are using the GNU C++ compiler
configure:5152: arm-linux-g++ -c   conftest.cpp >&5
configure:5152: $? = 0
configure:5161: result: yes
configure:5170: checking whether arm-linux-g++ accepts -g
configure:5190: arm-linux-g++ -c -g  conftest.cpp >&5
configure:5190: $? = 0
configure:5231: result: yes
configure:5264: checking how to run the C++ preprocessor
configure:5291: arm-linux-g++ -E  conftest.cpp
configure:5291: $? = 0
configure:5305: arm-linux-g++ -E  conftest.cpp
conftest.cpp:20:28: ac_nonexistent.h: No such file or directory
configure:5305: $? = 1
configure: failed program was:
| /* confdefs.h */
| #define PACKAGE_NAME "canutils"
| #define PACKAGE_TARNAME "canutils"
| #define PACKAGE_VERSION "3.0.2"
| #define PACKAGE_STRING "canutils 3.0.2"
| #define PACKAGE_BUGREPORT "bugs@pengutronix.de"
| #define PACKAGE_URL ""
| #define STDC_HEADERS 1
| #define HAVE_SYS_TYPES_H 1
| #define HAVE_SYS_STAT_H 1
| #define HAVE_STDLIB_H 1
| #define HAVE_STRING_H 1
| #define HAVE_MEMORY_H 1
| #define HAVE_STRINGS_H 1
| #define HAVE_INTTYPES_H 1
| #define HAVE_STDINT_H 1
| #define HAVE_UNISTD_H 1
| #define HAVE_DLFCN_H 1
| /* end confdefs.h.  */
| #include <ac_nonexistent.h>
configure:5330: result: arm-linux-g++ -E
configure:5350: arm-linux-g++ -E  conftest.cpp
configure:5350: $? = 0
configure:5364: arm-linux-g++ -E  conftest.cpp
conftest.cpp:20:28: ac_nonexistent.h: No such file or directory
configure:5364: $? = 1
configure: failed program was:
| /* confdefs.h */
| #define PACKAGE_NAME "canutils"
| #define PACKAGE_TARNAME "canutils"
| #define PACKAGE_VERSION "3.0.2"
| #define PACKAGE_STRING "canutils 3.0.2"
| #define PACKAGE_BUGREPORT "bugs@pengutronix.de"
| #define PACKAGE_URL ""
| #define STDC_HEADERS 1
| #define HAVE_SYS_TYPES_H 1
| #define HAVE_SYS_STAT_H 1
| #define HAVE_STDLIB_H 1
| #define HAVE_STRING_H 1
| #define HAVE_MEMORY_H 1
| #define HAVE_STRINGS_H 1
| #define HAVE_INTTYPES_H 1
| #define HAVE_STDINT_H 1
| #define HAVE_UNISTD_H 1
| #define HAVE_DLFCN_H 1
| /* end confdefs.h.  */
| #include <ac_nonexistent.h>
configure:5404: checking for arm-linux-g77
configure:5434: result: no
configure:5404: checking for arm-linux-xlf
configure:5434: result: no
configure:5404: checking for arm-linux-f77
configure:5434: result: no
configure:5404: checking for arm-linux-frt
configure:5434: result: no
configure:5404: checking for arm-linux-pgf77
configure:5434: result: no
configure:5404: checking for arm-linux-cf77
configure:5434: result: no
configure:5404: checking for arm-linux-fort77
configure:5434: result: no
configure:5404: checking for arm-linux-fl32
configure:5434: result: no
configure:5404: checking for arm-linux-af77
configure:5434: result: no
configure:5404: checking for arm-linux-xlf90
configure:5434: result: no
configure:5404: checking for arm-linux-f90
configure:5434: result: no
configure:5404: checking for arm-linux-pgf90
configure:5434: result: no
configure:5404: checking for arm-linux-pghpf
configure:5434: result: no
configure:5404: checking for arm-linux-epcf90
configure:5434: result: no
configure:5404: checking for arm-linux-gfortran
configure:5434: result: no
configure:5404: checking for arm-linux-g95
configure:5434: result: no
configure:5404: checking for arm-linux-xlf95
configure:5434: result: no
configure:5404: checking for arm-linux-f95
configure:5434: result: no
configure:5404: checking for arm-linux-fort
configure:5434: result: no
configure:5404: checking for arm-linux-ifort
configure:5434: result: no
configure:5404: checking for arm-linux-ifc
configure:5434: result: no
configure:5404: checking for arm-linux-efc
configure:5434: result: no
configure:5404: checking for arm-linux-pgfortran
configure:5434: result: no
configure:5404: checking for arm-linux-pgf95
configure:5434: result: no
configure:5404: checking for arm-linux-lf95
configure:5434: result: no
configure:5404: checking for arm-linux-ftn
configure:5434: result: no
configure:5404: checking for arm-linux-nagfor
configure:5434: result: no
configure:5448: checking for g77
configure:5478: result: no
configure:5448: checking for xlf
configure:5478: result: no
configure:5448: checking for f77
configure:5478: result: no
configure:5448: checking for frt
configure:5478: result: no
configure:5448: checking for pgf77
configure:5478: result: no
configure:5448: checking for cf77
configure:5478: result: no
configure:5448: checking for fort77
configure:5478: result: no
configure:5448: checking for fl32
configure:5478: result: no
configure:5448: checking for af77
configure:5478: result: no
configure:5448: checking for xlf90
configure:5478: result: no
configure:5448: checking for f90
configure:5478: result: no
configure:5448: checking for pgf90
configure:5478: result: no
configure:5448: checking for pghpf
configure:5478: result: no
configure:5448: checking for epcf90
configure:5478: result: no
configure:5448: checking for gfortran
configure:5478: result: no
configure:5448: checking for g95
configure:5478: result: no
configure:5448: checking for xlf95
configure:5478: result: no
configure:5448: checking for f95
configure:5478: result: no
configure:5448: checking for fort
configure:5478: result: no
configure:5448: checking for ifort
configure:5478: result: no
configure:5448: checking for ifc
configure:5478: result: no
configure:5448: checking for efc
configure:5478: result: no
configure:5448: checking for pgfortran
configure:5478: result: no
configure:5448: checking for pgf95
configure:5478: result: no
configure:5448: checking for lf95
configure:5478: result: no
configure:5448: checking for ftn
configure:5478: result: no
configure:5448: checking for nagfor
configure:5478: result: no
configure:5501: checking for Fortran 77 compiler version
configure:5510:  --version >&5
./configure: line 5512: --version: command not found
configure:5521: $? = 127
configure:5510:  -v >&5
./configure: line 5512: -v: command not found
configure:5521: $? = 127
configure:5510:  -V >&5
./configure: line 5512: -V: command not found
configure:5521: $? = 127
configure:5510:  -qversion >&5
./configure: line 5512: -qversion: command not found
configure:5521: $? = 127
configure:5530: checking whether we are using the GNU Fortran 77 compiler
configure:5543:  -c  conftest.F >&5
./configure: line 2136: -c: command not found
configure:5543: $? = 127
configure: failed program was:
|       program main
| #ifndef __GNUC__
|        choke me
| #endif
| 
|       end
configure:5552: result: no
configure:5558: checking whether  accepts -g
configure:5569:  -c -g conftest.f >&5
./configure: line 2136: -c: command not found
configure:5569: $? = 127
configure: failed program was:
|       program main
| 
|       end
configure:5577: result: no
configure:5610: checking the maximum length of command line arguments
configure:5722: result: 1572864
configure:5734: checking command to parse /usr/local/arm/3.3.2/bin/arm-linux-nm -B output from arm-none-linux-gnueabi-gcc object
configure:5839: arm-none-linux-gnueabi-gcc -c  -Wall -g  conftest.c >&5
configure:5842: $? = 0
configure:5846: /usr/local/arm/3.3.2/bin/arm-linux-nm -B conftest.o \| sed -n -e 's/^.*[ 	]\([ABCDGIRSTW][ABCDGIRSTW]*\)[ 	][ 	]*\([_A-Za-z][_A-Za-z0-9]*\)$/\1 \2 \2/p' \> conftest.nm
configure:5849: $? = 0
configure:5901: arm-none-linux-gnueabi-gcc -o conftest  -Wall -g   conftest.c conftstm.o >&5
configure:5904: $? = 0
configure:5942: result: ok
configure:5946: checking for objdir
configure:5961: result: .libs
configure:6013: checking for arm-linux-ar
configure:6029: found /usr/local/arm/3.3.2/bin/arm-linux-ar
configure:6040: result: arm-linux-ar
configure:6105: checking for arm-linux-ranlib
configure:6121: found /usr/local/arm/3.3.2/bin/arm-linux-ranlib
configure:6132: result: arm-linux-ranlib
configure:6197: checking for arm-linux-strip
configure:6213: found /usr/local/arm/3.3.2/bin/arm-linux-strip
configure:6224: result: arm-linux-strip
configure:6825: checking if arm-none-linux-gnueabi-gcc supports -fno-rtti -fno-exceptions
configure:6843: arm-none-linux-gnueabi-gcc -c  -Wall -g  -fno-rtti -fno-exceptions conftest.c >&5
cc1: warning: command line option "-fno-rtti" is valid for C++/ObjC++ but not for C
configure:6847: $? = 0
configure:6860: result: no
configure:6875: checking for arm-none-linux-gnueabi-gcc option to produce PIC
configure:7107: result: -fPIC
configure:7115: checking if arm-none-linux-gnueabi-gcc PIC flag -fPIC works
configure:7133: arm-none-linux-gnueabi-gcc -c  -Wall -g  -fPIC -DPIC conftest.c >&5
configure:7137: $? = 0
configure:7150: result: yes
configure:7178: checking if arm-none-linux-gnueabi-gcc static flag -static works
configure:7206: result: yes
configure:7216: checking if arm-none-linux-gnueabi-gcc supports -c -o file.o
configure:7237: arm-none-linux-gnueabi-gcc -c  -Wall -g  -o out/conftest2.o conftest.c >&5
configure:7241: $? = 0
configure:7263: result: yes
configure:7289: checking whether the arm-none-linux-gnueabi-gcc linker (/usr/local/arm/arm-2008q3-linux/arm-none-linux-gnueabi/bin/ld) supports shared libraries
configure:8216: result: yes
configure:8237: checking whether -lc should be explicitly linked in
configure:8242: arm-none-linux-gnueabi-gcc -c  -Wall -g  conftest.c >&5
configure:8245: $? = 0
configure:8260: arm-none-linux-gnueabi-gcc -shared conftest.o  -v -Wl,-soname -Wl,conftest -o conftest 2\>\&1 \| grep  -lc  \>/dev/null 2\>\&1
configure:8263: $? = 0
configure:8275: result: no
configure:8283: checking dynamic linker characteristics
configure:8897: result: GNU/Linux ld.so
configure:8921: checking how to hardcode library paths into programs
configure:8946: result: immediate
configure:8960: checking whether stripping libraries is possible
configure:8965: result: yes
configure:9482: checking if libtool supports shared libraries
configure:9484: result: yes
configure:9487: checking whether to build shared libraries
configure:9508: result: yes
configure:9511: checking whether to build static libraries
configure:9515: result: yes
configure:9609: creating libtool
configure:10198: checking for ld used by arm-linux-g++
configure:10265: result: /usr/local/arm/arm-2008q3-linux/arm-none-linux-gnueabi/bin/ld
configure:10272: checking if the linker (/usr/local/arm/arm-2008q3-linux/arm-none-linux-gnueabi/bin/ld) is GNU ld
configure:10287: result: yes
configure:10338: checking whether the arm-linux-g++ linker (/usr/local/arm/arm-2008q3-linux/arm-none-linux-gnueabi/bin/ld) supports shared libraries
configure:11230: result: yes
configure:11247: arm-linux-g++ -c -g -O2  conftest.cpp >&5
configure:11250: $? = 0
configure:11406: checking for arm-linux-g++ option to produce PIC
configure:11690: result: -fPIC
configure:11698: checking if arm-linux-g++ PIC flag -fPIC works
configure:11716: arm-linux-g++ -c -g -O2  -fPIC -DPIC conftest.cpp >&5
configure:11720: $? = 0
configure:11733: result: yes
configure:11761: checking if arm-linux-g++ static flag -static works
configure:11789: result: yes
configure:11799: checking if arm-linux-g++ supports -c -o file.o
configure:11820: arm-linux-g++ -c -g -O2  -o out/conftest2.o conftest.cpp >&5
configure:11824: $? = 0
configure:11846: result: yes
configure:11872: checking whether the arm-linux-g++ linker (/usr/local/arm/arm-2008q3-linux/arm-none-linux-gnueabi/bin/ld) supports shared libraries
configure:11901: result: yes
configure:11968: checking dynamic linker characteristics
configure:12530: result: GNU/Linux ld.so
configure:12554: checking how to hardcode library paths into programs
configure:12579: result: immediate
configure:18741: checking for a BSD-compatible install
configure:18809: result: /usr/bin/install -c
configure:18820: checking whether build environment is sane
configure:18857: result: yes
configure:18869: checking for a thread-safe mkdir -p
configure:18908: result: /usr/bin/mkdir -p
configure:18921: checking for gawk
configure:18937: found /usr/bin/gawk
configure:18948: result: gawk
configure:18959: checking whether make sets $(MAKE)
configure:18981: result: yes
configure:19011: checking for style of include used by make
configure:19039: result: GNU
configure:19121: checking for arm-linux-strip
configure:19148: result: arm-linux-strip
configure:19226: checking dependency style of arm-none-linux-gnueabi-gcc
configure:19317: result: gcc3
configure:19334: checking dependency style of arm-linux-g++
configure:19425: result: gcc3
configure:19451: checking for ANSI C header files
configure:19555: result: yes
configure:19575: checking fcntl.h usability
configure:19575: arm-none-linux-gnueabi-gcc -c  -Wall -g  conftest.c >&5
configure:19575: $? = 0
configure:19575: result: yes
configure:19575: checking fcntl.h presence
configure:19575: arm-none-linux-gnueabi-gcc -E  conftest.c
configure:19575: $? = 0
configure:19575: result: yes
configure:19575: checking for fcntl.h
configure:19575: result: yes
configure:19575: checking limits.h usability
configure:19575: arm-none-linux-gnueabi-gcc -c  -Wall -g  conftest.c >&5
configure:19575: $? = 0
configure:19575: result: yes
configure:19575: checking limits.h presence
configure:19575: arm-none-linux-gnueabi-gcc -E  conftest.c
configure:19575: $? = 0
configure:19575: result: yes
configure:19575: checking for limits.h
configure:19575: result: yes
configure:19575: checking for stdlib.h
configure:19575: result: yes
configure:19575: checking for string.h
configure:19575: result: yes
configure:19575: checking for unistd.h
configure:19575: result: yes
configure:19575: checking sys/ioctl.h usability
configure:19575: arm-none-linux-gnueabi-gcc -c  -Wall -g  conftest.c >&5
configure:19575: $? = 0
configure:19575: result: yes
configure:19575: checking sys/ioctl.h presence
configure:19575: arm-none-linux-gnueabi-gcc -E  conftest.c
configure:19575: $? = 0
configure:19575: result: yes
configure:19575: checking for sys/ioctl.h
configure:19575: result: yes
configure:19575: checking sys/socket.h usability
configure:19575: arm-none-linux-gnueabi-gcc -c  -Wall -g  conftest.c >&5
configure:19575: $? = 0
configure:19575: result: yes
configure:19575: checking sys/socket.h presence
configure:19575: arm-none-linux-gnueabi-gcc -E  conftest.c
configure:19575: $? = 0
configure:19575: result: yes
configure:19575: checking for sys/socket.h
configure:19575: result: yes
configure:19589: checking for an ANSI C-conforming const
configure:19655: arm-none-linux-gnueabi-gcc -c  -Wall -g  conftest.c >&5
configure:19655: $? = 0
configure:19662: result: yes
configure:19670: checking for size_t
configure:19670: arm-none-linux-gnueabi-gcc -c  -Wall -g  conftest.c >&5
configure:19670: $? = 0
configure:19670: arm-none-linux-gnueabi-gcc -c  -Wall -g  conftest.c >&5
conftest.c: In function 'main':
conftest.c:66: error: expected expression before ')' token
configure:19670: $? = 1
configure: failed program was:
| /* confdefs.h */
| #define PACKAGE_NAME "canutils"
| #define PACKAGE_TARNAME "canutils"
| #define PACKAGE_VERSION "3.0.2"
| #define PACKAGE_STRING "canutils 3.0.2"
| #define PACKAGE_BUGREPORT "bugs@pengutronix.de"
| #define PACKAGE_URL ""
| #define STDC_HEADERS 1
| #define HAVE_SYS_TYPES_H 1
| #define HAVE_SYS_STAT_H 1
| #define HAVE_STDLIB_H 1
| #define HAVE_STRING_H 1
| #define HAVE_MEMORY_H 1
| #define HAVE_STRINGS_H 1
| #define HAVE_INTTYPES_H 1
| #define HAVE_STDINT_H 1
| #define HAVE_UNISTD_H 1
| #define HAVE_DLFCN_H 1
| #define PACKAGE "canutils"
| #define VERSION "3.0.2"
| #define STDC_HEADERS 1
| #define HAVE_FCNTL_H 1
| #define HAVE_LIMITS_H 1
| #define HAVE_STDLIB_H 1
| #define HAVE_STRING_H 1
| #define HAVE_UNISTD_H 1
| #define HAVE_SYS_IOCTL_H 1
| #define HAVE_SYS_SOCKET_H 1
| /* end confdefs.h.  */
| #include <stdio.h>
| #ifdef HAVE_SYS_TYPES_H
| # include <sys/types.h>
| #endif
| #ifdef HAVE_SYS_STAT_H
| # include <sys/stat.h>
| #endif
| #ifdef STDC_HEADERS
| # include <stdlib.h>
| # include <stddef.h>
| #else
| # ifdef HAVE_STDLIB_H
| #  include <stdlib.h>
| # endif
| #endif
| #ifdef HAVE_STRING_H
| # if !defined STDC_HEADERS && defined HAVE_MEMORY_H
| #  include <memory.h>
| # endif
| # include <string.h>
| #endif
| #ifdef HAVE_STRINGS_H
| # include <strings.h>
| #endif
| #ifdef HAVE_INTTYPES_H
| # include <inttypes.h>
| #endif
| #ifdef HAVE_STDINT_H
| # include <stdint.h>
| #endif
| #ifdef HAVE_UNISTD_H
| # include <unistd.h>
| #endif
| int
| main ()
| {
| if (sizeof ((size_t)))
| 	    return 0;
|   ;
|   return 0;
| }
configure:19670: result: yes
configure:19681: checking for ssize_t
configure:19681: arm-none-linux-gnueabi-gcc -c  -Wall -g  conftest.c >&5
configure:19681: $? = 0
configure:19681: arm-none-linux-gnueabi-gcc -c  -Wall -g  conftest.c >&5
conftest.c: In function 'main':
conftest.c:66: error: expected expression before ')' token
configure:19681: $? = 1
configure: failed program was:
| /* confdefs.h */
| #define PACKAGE_NAME "canutils"
| #define PACKAGE_TARNAME "canutils"
| #define PACKAGE_VERSION "3.0.2"
| #define PACKAGE_STRING "canutils 3.0.2"
| #define PACKAGE_BUGREPORT "bugs@pengutronix.de"
| #define PACKAGE_URL ""
| #define STDC_HEADERS 1
| #define HAVE_SYS_TYPES_H 1
| #define HAVE_SYS_STAT_H 1
| #define HAVE_STDLIB_H 1
| #define HAVE_STRING_H 1
| #define HAVE_MEMORY_H 1
| #define HAVE_STRINGS_H 1
| #define HAVE_INTTYPES_H 1
| #define HAVE_STDINT_H 1
| #define HAVE_UNISTD_H 1
| #define HAVE_DLFCN_H 1
| #define PACKAGE "canutils"
| #define VERSION "3.0.2"
| #define STDC_HEADERS 1
| #define HAVE_FCNTL_H 1
| #define HAVE_LIMITS_H 1
| #define HAVE_STDLIB_H 1
| #define HAVE_STRING_H 1
| #define HAVE_UNISTD_H 1
| #define HAVE_SYS_IOCTL_H 1
| #define HAVE_SYS_SOCKET_H 1
| /* end confdefs.h.  */
| #include <stdio.h>
| #ifdef HAVE_SYS_TYPES_H
| # include <sys/types.h>
| #endif
| #ifdef HAVE_SYS_STAT_H
| # include <sys/stat.h>
| #endif
| #ifdef STDC_HEADERS
| # include <stdlib.h>
| # include <stddef.h>
| #else
| # ifdef HAVE_STDLIB_H
| #  include <stdlib.h>
| # endif
| #endif
| #ifdef HAVE_STRING_H
| # if !defined STDC_HEADERS && defined HAVE_MEMORY_H
| #  include <memory.h>
| # endif
| # include <string.h>
| #endif
| #ifdef HAVE_STRINGS_H
| # include <strings.h>
| #endif
| #ifdef HAVE_INTTYPES_H
| # include <inttypes.h>
| #endif
| #ifdef HAVE_STDINT_H
| # include <stdint.h>
| #endif
| #ifdef HAVE_UNISTD_H
| # include <unistd.h>
| #endif
| int
| main ()
| {
| if (sizeof ((ssize_t)))
| 	    return 0;
|   ;
|   return 0;
| }
configure:19681: result: yes
configure:19692: checking for uint32_t
configure:19692: arm-none-linux-gnueabi-gcc -c  -Wall -g  conftest.c >&5
configure:19692: $? = 0
configure:19692: result: yes
configure:19712: checking whether arm-none-linux-gnueabi-gcc needs -traditional
configure:19746: result: no
configure:19753: checking return type of signal handlers
configure:19771: arm-none-linux-gnueabi-gcc -c  -Wall -g  conftest.c >&5
conftest.c: In function 'main':
conftest.c:36: error: void value not ignored as it ought to be
configure:19771: $? = 1
configure: failed program was:
| /* confdefs.h */
| #define PACKAGE_NAME "canutils"
| #define PACKAGE_TARNAME "canutils"
| #define PACKAGE_VERSION "3.0.2"
| #define PACKAGE_STRING "canutils 3.0.2"
| #define PACKAGE_BUGREPORT "bugs@pengutronix.de"
| #define PACKAGE_URL ""
| #define STDC_HEADERS 1
| #define HAVE_SYS_TYPES_H 1
| #define HAVE_SYS_STAT_H 1
| #define HAVE_STDLIB_H 1
| #define HAVE_STRING_H 1
| #define HAVE_MEMORY_H 1
| #define HAVE_STRINGS_H 1
| #define HAVE_INTTYPES_H 1
| #define HAVE_STDINT_H 1
| #define HAVE_UNISTD_H 1
| #define HAVE_DLFCN_H 1
| #define PACKAGE "canutils"
| #define VERSION "3.0.2"
| #define STDC_HEADERS 1
| #define HAVE_FCNTL_H 1
| #define HAVE_LIMITS_H 1
| #define HAVE_STDLIB_H 1
| #define HAVE_STRING_H 1
| #define HAVE_UNISTD_H 1
| #define HAVE_SYS_IOCTL_H 1
| #define HAVE_SYS_SOCKET_H 1
| /* end confdefs.h.  */
| #include <sys/types.h>
| #include <signal.h>
| 
| int
| main ()
| {
| return *(signal (0, 0)) (0) == 1;
|   ;
|   return 0;
| }
configure:19778: result: void
configure:19786: checking whether lstat correctly handles trailing slash
configure:19829: result: no
configure:19848: checking whether stat accepts an empty string
configure:19878: result: yes
configure:19901: checking for socket
configure:19901: arm-none-linux-gnueabi-gcc -o conftest  -Wall -g   conftest.c  >&5
configure:19901: $? = 0
configure:19901: result: yes
configure:19901: checking for strchr
configure:19901: arm-none-linux-gnueabi-gcc -o conftest  -Wall -g   conftest.c  >&5
conftest.c:56: warning: conflicting types for built-in function 'strchr'
configure:19901: $? = 0
configure:19901: result: yes
configure:19901: checking for strtoul
configure:19901: arm-none-linux-gnueabi-gcc -o conftest  -Wall -g   conftest.c  >&5
configure:19901: $? = 0
configure:19901: result: yes
configure:19915: checking whether to enable debugging
configure:19927: result: no
configure:20067: creating ./config.status

## ---------------- ##
## Cache variables. ##
## ---------------- ##

ac_cv_build=i686-pc-linux-gnu
ac_cv_c_compiler_gnu=yes
ac_cv_c_const=yes
ac_cv_c_uint32_t=yes
ac_cv_cxx_compiler_gnu=yes
ac_cv_env_CCC_set=
ac_cv_env_CCC_value=
ac_cv_env_CC_set=set
ac_cv_env_CC_value=arm-none-linux-gnueabi-gcc
ac_cv_env_CFLAGS_set=
ac_cv_env_CFLAGS_value=
ac_cv_env_CPPFLAGS_set=
ac_cv_env_CPPFLAGS_value=
ac_cv_env_CPP_set=
ac_cv_env_CPP_value=
ac_cv_env_CXXCPP_set=
ac_cv_env_CXXCPP_value=
ac_cv_env_CXXFLAGS_set=
ac_cv_env_CXXFLAGS_value=
ac_cv_env_CXX_set=
ac_cv_env_CXX_value=
ac_cv_env_F77_set=
ac_cv_env_F77_value=
ac_cv_env_FFLAGS_set=
ac_cv_env_FFLAGS_value=
ac_cv_env_LDFLAGS_set=
ac_cv_env_LDFLAGS_value=
ac_cv_env_LIBS_set=
ac_cv_env_LIBS_value=
ac_cv_env_build_alias_set=
ac_cv_env_build_alias_value=
ac_cv_env_host_alias_set=set
ac_cv_env_host_alias_value=arm-linux
ac_cv_env_target_alias_set=
ac_cv_env_target_alias_value=
ac_cv_f77_compiler_gnu=no
ac_cv_func_lstat_dereferences_slashed_symlink=no
ac_cv_func_socket=yes
ac_cv_func_stat_empty_string_bug=yes
ac_cv_func_strchr=yes
ac_cv_func_strtoul=yes
ac_cv_header_dlfcn_h=yes
ac_cv_header_fcntl_h=yes
ac_cv_header_inttypes_h=yes
ac_cv_header_limits_h=yes
ac_cv_header_memory_h=yes
ac_cv_header_stdc=yes
ac_cv_header_stdint_h=yes
ac_cv_header_stdlib_h=yes
ac_cv_header_string_h=yes
ac_cv_header_strings_h=yes
ac_cv_header_sys_ioctl_h=yes
ac_cv_header_sys_socket_h=yes
ac_cv_header_sys_stat_h=yes
ac_cv_header_sys_types_h=yes
ac_cv_header_unistd_h=yes
ac_cv_host=arm-unknown-linux-gnu
ac_cv_objext=o
ac_cv_path_EGREP='/usr/bin/grep -E'
ac_cv_path_GREP=/usr/bin/grep
ac_cv_path_install='/usr/bin/install -c'
ac_cv_path_mkdir=/usr/bin/mkdir
ac_cv_prog_AR=arm-linux-ar
ac_cv_prog_AWK=gawk
ac_cv_prog_CC=arm-none-linux-gnueabi-gcc
ac_cv_prog_CPP='arm-none-linux-gnueabi-gcc -E'
ac_cv_prog_CXX=arm-linux-g++
ac_cv_prog_CXXCPP='arm-linux-g++ -E'
ac_cv_prog_RANLIB=arm-linux-ranlib
ac_cv_prog_STRIP=arm-linux-strip
ac_cv_prog_cc_c89=
ac_cv_prog_cc_g=yes
ac_cv_prog_cxx_g=yes
ac_cv_prog_f77_g=no
ac_cv_prog_gcc_traditional=no
ac_cv_prog_make_make_set=yes
ac_cv_type_signal=void
ac_cv_type_size_t=yes
ac_cv_type_ssize_t=yes
am_cv_CC_dependencies_compiler_type=gcc3
am_cv_CXX_dependencies_compiler_type=gcc3
lt_cv_deplibs_check_method=pass_all
lt_cv_file_magic_cmd='$MAGIC_CMD'
lt_cv_file_magic_test_file=
lt_cv_ld_reload_flag=-r
lt_cv_objdir=.libs
lt_cv_path_LD=/usr/local/arm/arm-2008q3-linux/arm-none-linux-gnueabi/bin/ld
lt_cv_path_LDCXX=/usr/local/arm/arm-2008q3-linux/arm-none-linux-gnueabi/bin/ld
lt_cv_path_NM='/usr/local/arm/3.3.2/bin/arm-linux-nm -B'
lt_cv_path_SED=/usr/bin/sed
lt_cv_prog_compiler_c_o=yes
lt_cv_prog_compiler_c_o_CXX=yes
lt_cv_prog_compiler_pic_works=yes
lt_cv_prog_compiler_pic_works_CXX=yes
lt_cv_prog_compiler_rtti_exceptions=no
lt_cv_prog_compiler_static_works=yes
lt_cv_prog_compiler_static_works_CXX=yes
lt_cv_prog_gnu_ld=yes
lt_cv_prog_gnu_ldcxx=yes
lt_cv_sys_global_symbol_pipe='sed -n -e '\''s/^.*[ 	]\([ABCDGIRSTW][ABCDGIRSTW]*\)[ 	][ 	]*\([_A-Za-z][_A-Za-z0-9]*\)$/\1 \2 \2/p'\'''
lt_cv_sys_global_symbol_to_c_name_address='sed -n -e '\''s/^: \([^ ]*\) $/  {\"\1\", (lt_ptr) 0},/p'\'' -e '\''s/^[BCDEGRST] \([^ ]*\) \([^ ]*\)$/  {"\2", (lt_ptr) \&\2},/p'\'''
lt_cv_sys_global_symbol_to_cdecl='sed -n -e '\''s/^. .* \(.*\)$/extern int \1;/p'\'''
lt_cv_sys_lib_dlsearch_path_spec='/lib /usr/lib /var/lib/VBoxGuestAdditions/lib /usr/lib/llvm /usr/local/lib /usr/lib/xulrunner '
lt_cv_sys_lib_search_path_spec='/usr/local/arm/arm-2008q3-linux/lib/gcc/arm-none-linux-gnueabi/4.3.2 /usr/local/arm/arm-2008q3-linux/lib/gcc /usr/local/arm/arm-2008q3-linux/arm-none-linux-gnueabi/lib /usr/local/arm/arm-2008q3-linux/arm-none-linux-gnueabi/libc/lib /usr/local/arm/arm-2008q3-linux/arm-none-linux-gnueabi/libc/usr/lib'
lt_cv_sys_max_cmd_len=1572864
lt_lt_cv_prog_compiler_c_o='"yes"'
lt_lt_cv_prog_compiler_c_o_CXX='"yes"'
lt_lt_cv_sys_global_symbol_pipe='"sed -n -e '\''s/^.*[ 	]\\([ABCDGIRSTW][ABCDGIRSTW]*\\)[ 	][ 	]*\\([_A-Za-z][_A-Za-z0-9]*\\)\$/\\1 \\2 \\2/p'\''"'
lt_lt_cv_sys_global_symbol_to_c_name_address='"sed -n -e '\''s/^: \\([^ ]*\\) \$/  {\\\"\\1\\\", (lt_ptr) 0},/p'\'' -e '\''s/^[BCDEGRST] \\([^ ]*\\) \\([^ ]*\\)\$/  {\"\\2\", (lt_ptr) \\&\\2},/p'\''"'
lt_lt_cv_sys_global_symbol_to_cdecl='"sed -n -e '\''s/^. .* \\(.*\\)\$/extern int \\1;/p'\''"'

## ----------------- ##
## Output variables. ##
## ----------------- ##

ACLOCAL='${SHELL} /home/xspeed/workspace/ASM9260T/linux/app_test/can/net_device/canutils-3.0.2/config/autoconf/missing --run aclocal-1.10'
AMDEPBACKSLASH='\'
AMDEP_FALSE='#'
AMDEP_TRUE=''
AMTAR='${SHELL} /home/xspeed/workspace/ASM9260T/linux/app_test/can/net_device/canutils-3.0.2/config/autoconf/missing --run tar'
AR='arm-linux-ar'
AS='as'
AUTOCONF='${SHELL} /home/xspeed/workspace/ASM9260T/linux/app_test/can/net_device/canutils-3.0.2/config/autoconf/missing --run autoconf'
AUTOHEADER='${SHELL} /home/xspeed/workspace/ASM9260T/linux/app_test/can/net_device/canutils-3.0.2/config/autoconf/missing --run autoheader'
AUTOMAKE='${SHELL} /home/xspeed/workspace/ASM9260T/linux/app_test/can/net_device/canutils-3.0.2/config/autoconf/missing --run automake-1.10'
AWK='gawk'
CC='arm-none-linux-gnueabi-gcc'
CCDEPMODE='depmode=gcc3'
CFLAGS=' -Wall -g -O2'
CPP='arm-none-linux-gnueabi-gcc -E'
CPPFLAGS=''
CXX='arm-linux-g++'
CXXCPP='arm-linux-g++ -E'
CXXDEPMODE='depmode=gcc3'
CXXFLAGS='-g -O2'
CYGPATH_W='echo'
DEFS='-DHAVE_CONFIG_H'
DEPDIR='.deps'
DLLTOOL='dlltool'
DSYMUTIL=''
ECHO='echo'
ECHO_C=''
ECHO_N='-n'
ECHO_T=''
EGREP='/usr/bin/grep -E'
EXEEXT=''
F77=''
FFLAGS=''
GREP='/usr/bin/grep'
INSTALL_DATA='${INSTALL} -m 644'
INSTALL_PROGRAM='${INSTALL}'
INSTALL_SCRIPT='${INSTALL}'
INSTALL_STRIP_PROGRAM='$(install_sh) -c -s'
LDFLAGS=''
LIBOBJS=' ${LIBOBJDIR}lstat$U.o ${LIBOBJDIR}stat$U.o'
LIBS=''
LIBTOOL='$(SHELL) $(top_builddir)/libtool'
LN_S='ln -s'
LTLIBOBJS=' ${LIBOBJDIR}lstat$U.lo ${LIBOBJDIR}stat$U.lo'
MAKEINFO='${SHELL} /home/xspeed/workspace/ASM9260T/linux/app_test/can/net_device/canutils-3.0.2/config/autoconf/missing --run makeinfo'
MKDIR_P='/usr/bin/mkdir -p'
NMEDIT=''
OBJDUMP='objdump'
OBJEXT='o'
PACKAGE='canutils'
PACKAGE_BUGREPORT='bugs@pengutronix.de'
PACKAGE_NAME='canutils'
PACKAGE_STRING='canutils 3.0.2'
PACKAGE_TARNAME='canutils'
PACKAGE_URL=''
PACKAGE_VERSION='3.0.2'
PATH_SEPARATOR=':'
PERL='${SHELL} /home/xspeed/workspace/ASM9260T/linux/app_test/can/net_device/canutils-3.0.2/config/autoconf/missing --run perl'
RANLIB='arm-linux-ranlib'
SED='/usr/bin/sed'
SET_MAKE=''
SHELL='/bin/sh'
STRIP='arm-linux-strip'
VERSION='3.0.2'
ac_ct_CC=''
ac_ct_CXX=''
ac_ct_F77=''
am__fastdepCC_FALSE='#'
am__fastdepCC_TRUE=''
am__fastdepCXX_FALSE='#'
am__fastdepCXX_TRUE=''
am__include='include'
am__isrc=''
am__leading_dot='.'
am__quote=''
am__tar='${AMTAR} chof - "$$tardir"'
am__untar='${AMTAR} xf -'
bindir='${exec_prefix}/bin'
build='i686-pc-linux-gnu'
build_alias=''
build_cpu='i686'
build_os='linux-gnu'
build_vendor='pc'
datadir='${datarootdir}'
datarootdir='${prefix}/share'
docdir='${datarootdir}/doc/${PACKAGE_TARNAME}'
dvidir='${docdir}'
exec_prefix='${prefix}'
host='arm-unknown-linux-gnu'
host_alias='arm-linux'
host_cpu='arm'
host_os='linux-gnu'
host_vendor='unknown'
htmldir='${docdir}'
includedir='${prefix}/include'
infodir='${datarootdir}/info'
install_sh='$(SHELL) /home/xspeed/workspace/ASM9260T/linux/app_test/can/net_device/canutils-3.0.2/config/autoconf/install-sh'
libdir='${exec_prefix}/lib'
libexecdir='${exec_prefix}/libexec'
localedir='${datarootdir}/locale'
localstatedir='${prefix}/var'
mandir='${datarootdir}/man'
mkdir_p='/usr/bin/mkdir -p'
oldincludedir='/usr/include'
pdfdir='${docdir}'
prefix='/usr/local'
program_transform_name='s,x,x,'
psdir='${docdir}'
sbindir='${exec_prefix}/sbin'
sharedstatedir='${prefix}/com'
sysconfdir='${prefix}/etc'
target_alias=''

## ----------- ##
## confdefs.h. ##
## ----------- ##

/* confdefs.h */
#define PACKAGE_NAME "canutils"
#define PACKAGE_TARNAME "canutils"
#define PACKAGE_VERSION "3.0.2"
#define PACKAGE_STRING "canutils 3.0.2"
#define PACKAGE_BUGREPORT "bugs@pengutronix.de"
#define PACKAGE_URL ""
#define STDC_HEADERS 1
#define HAVE_SYS_TYPES_H 1
#define HAVE_SYS_STAT_H 1
#define HAVE_STDLIB_H 1
#define HAVE_STRING_H 1
#define HAVE_MEMORY_H 1
#define HAVE_STRINGS_H 1
#define HAVE_INTTYPES_H 1
#define HAVE_STDINT_H 1
#define HAVE_UNISTD_H 1
#define HAVE_DLFCN_H 1
#define PACKAGE "canutils"
#define VERSION "3.0.2"
#define STDC_HEADERS 1
#define HAVE_FCNTL_H 1
#define HAVE_LIMITS_H 1
#define HAVE_STDLIB_H 1
#define HAVE_STRING_H 1
#define HAVE_UNISTD_H 1
#define HAVE_SYS_IOCTL_H 1
#define HAVE_SYS_SOCKET_H 1
#define RETSIGTYPE void
#define HAVE_STAT_EMPTY_STRING_BUG 1
#define HAVE_SOCKET 1
#define HAVE_STRCHR 1
#define HAVE_STRTOUL 1

configure: exit 0

## ---------------------- ##
## Running config.status. ##
## ---------------------- ##

This file was extended by canutils config.status 3.0.2, which was
generated by GNU Autoconf 2.69.  Invocation command line was

  CONFIG_FILES    = 
  CONFIG_HEADERS  = 
  CONFIG_LINKS    = 
  CONFIG_COMMANDS = 
  $ ./config.status 

on localhost.localdomain

config.status:894: creating GNUmakefile
config.status:894: creating config/canutils.pc
config.status:894: creating config/GNUmakefile
config.status:894: creating include/GNUmakefile
config.status:894: creating src/GNUmakefile
config.status:894: creating man/GNUmakefile
config.status:894: creating include/can_config.h
config.status:1075: include/can_config.h is unchanged
config.status:1123: executing depfiles commands

## ---------------------- ##
## Running config.status. ##
## ---------------------- ##

This file was extended by canutils config.status 3.0.2, which was
generated by GNU Autoconf 2.69.  Invocation command line was

  CONFIG_FILES    = 
  CONFIG_HEADERS  = 
  CONFIG_LINKS    = 
  CONFIG_COMMANDS = 
  $ ./config.status include/can_config.h

on localhost.localdomain

config.status:894: creating include/can_config.h
