This file contains any messages produced by compilers while
running configure, to aid debugging if configure makes a mistake.

It was created by canutils configure 3.0.2, which was
generated by GNU Autoconf 2.61.  Invocation command line was

  $ ./configure CC=/usr/local/arm/arm-2008q3-linux/bin/arm-none-linux-gnueabi-gcc --program-prefix=/root/can_test/ --host=arm-linux

## --------- ##
## Platform. ##
## --------- ##

hostname = chard
uname -m = i686
uname -r = 2.6.32-279.el6.i686
uname -s = Linux
uname -v = #1 SMP Fri Jun 22 10:59:55 UTC 2012

/usr/bin/uname -p = unknown
/bin/uname -X     = unknown

/bin/arch              = i686
/usr/bin/arch -k       = unknown
/usr/convex/getsysinfo = unknown
/usr/bin/hostinfo      = unknown
/bin/machine           = unknown
/usr/bin/oslevel       = unknown
/bin/universe          = unknown

PATH: /usr/lib/qt-3.3/bin
PATH: /usr/local/bin
PATH: /usr/bin
PATH: /bin
PATH: /usr/local/sbin
PATH: /usr/sbin
PATH: /sbin
PATH: /home/xul/bin


## ----------- ##
## Core tests. ##
## ----------- ##

configure:1981: checking build system type
configure:1999: result: i686-pc-linux-gnu
configure:2021: checking host system type
configure:2036: result: arm-unknown-linux-gnu
configure:2072: checking for arm-linux-gcc
configure:2099: result: /usr/local/arm/arm-2008q3-linux/bin/arm-none-linux-gnueabi-gcc
configure:2377: checking for C compiler version
configure:2384: /usr/local/arm/arm-2008q3-linux/bin/arm-none-linux-gnueabi-gcc --version >&5
arm-none-linux-gnueabi-gcc (Sourcery G++ Lite 2008q3-41) 4.3.2
Copyright (C) 2008 Free Software Foundation, Inc.
This is free software; see the source for copying conditions.  There is NO
warranty; not even for MERCHANTABILITY or FITNESS FOR A PARTICULAR PURPOSE.

configure:2387: $? = 0
configure:2394: /usr/local/arm/arm-2008q3-linux/bin/arm-none-linux-gnueabi-gcc -v >&5
Using built-in specs.
Target: arm-none-linux-gnueabi
Configured with: /scratch/julian/lite-release/linux/src/gcc-4.3/configure --build=i686-pc-linux-gnu --host=i686-pc-linux-gnu --target=arm-none-linux-gnueabi --enable-threads --disable-libmudflap --disable-libssp --disable-libstdcxx-pch --with-gnu-as --with-gnu-ld --enable-languages=c,c++ --enable-shared --enable-symvers=gnu --enable-__cxa_atexit --with-pkgversion='Sourcery G++ Lite 2008q3-41' --with-bugurl=https://support.codesourcery.com/GNUToolchain/ --disable-nls --prefix=/opt/codesourcery --with-sysroot=/opt/codesourcery/arm-none-linux-gnueabi/libc --with-build-sysroot=/scratch/julian/lite-release/linux/install/arm-none-linux-gnueabi/libc --with-gmp=/scratch/julian/lite-release/linux/obj/host-libs-2008q3-41-arm-none-linux-gnueabi-i686-pc-linux-gnu/usr --with-mpfr=/scratch/julian/lite-release/linux/obj/host-libs-2008q3-41-arm-none-linux-gnueabi-i686-pc-linux-gnu/usr --disable-libgomp --enable-poison-system-directories --with-build-time-tools=/scratch/julian/lite-release/linux/install/arm-none-linux-gnueabi/bin --with-build-time-tools=/scratch/julian/lite-release/linux/install/arm-none-linux-gnueabi/bin
Thread model: posix
gcc version 4.3.2 (Sourcery G++ Lite 2008q3-41) 
configure:2397: $? = 0
configure:2404: /usr/local/arm/arm-2008q3-linux/bin/arm-none-linux-gnueabi-gcc -V >&5
arm-none-linux-gnueabi-gcc: '-V' option must have argument
configure:2407: $? = 1
configure:2430: checking for C compiler default output file name
configure:2457: /usr/local/arm/arm-2008q3-linux/bin/arm-none-linux-gnueabi-gcc  -Wall -g   conftest.c  >&5
configure:2460: $? = 0
configure:2498: result: a.out
configure:2515: checking whether the C compiler works
configure:2525: ./a.out
./configure: line 2526: ./a.out: cannot execute binary file
configure:2528: $? = 126
configure:2545: result: yes
configure:2552: checking whether we are cross compiling
configure:2554: result: yes
configure:2557: checking for suffix of executables
configure:2564: /usr/local/arm/arm-2008q3-linux/bin/arm-none-linux-gnueabi-gcc -o conftest  -Wall -g   conftest.c  >&5
configure:2567: $? = 0
configure:2591: result: 
configure:2597: checking for suffix of object files
configure:2623: /usr/local/arm/arm-2008q3-linux/bin/arm-none-linux-gnueabi-gcc -c  -Wall -g  conftest.c >&5
configure:2626: $? = 0
configure:2649: result: o
configure:2653: checking whether we are using the GNU C compiler
configure:2682: /usr/local/arm/arm-2008q3-linux/bin/arm-none-linux-gnueabi-gcc -c  -Wall -g  conftest.c >&5
configure:2688: $? = 0
configure:2705: result: yes
configure:2710: checking whether /usr/local/arm/arm-2008q3-linux/bin/arm-none-linux-gnueabi-gcc accepts -g
configure:2740: /usr/local/arm/arm-2008q3-linux/bin/arm-none-linux-gnueabi-gcc -c -g  conftest.c >&5
configure:2746: $? = 0
configure:2845: result: yes
configure:2862: checking for /usr/local/arm/arm-2008q3-linux/bin/arm-none-linux-gnueabi-gcc option to accept ISO C89
configure:2936: /usr/local/arm/arm-2008q3-linux/bin/arm-none-linux-gnueabi-gcc  -c  -Wall -g  conftest.c >&5
configure:2942: $? = 0
configure:2965: result: none needed
configure:3075: checking for a sed that does not truncate output
configure:3131: result: /bin/sed
configure:3134: checking for grep that handles long lines and -e
configure:3208: result: /bin/grep
configure:3213: checking for egrep
configure:3291: result: /bin/grep -E
configure:3307: checking for ld used by /usr/local/arm/arm-2008q3-linux/bin/arm-none-linux-gnueabi-gcc
configure:3374: result: /usr/local/arm/arm-2008q3-linux/arm-none-linux-gnueabi/bin/ld
configure:3383: checking if the linker (/usr/local/arm/arm-2008q3-linux/arm-none-linux-gnueabi/bin/ld) is GNU ld
configure:3398: result: yes
configure:3403: checking for /usr/local/arm/arm-2008q3-linux/arm-none-linux-gnueabi/bin/ld option to reload object files
configure:3410: result: -r
configure:3428: checking for BSD-compatible nm
configure:3477: result: nm
configure:3481: checking whether ln -s works
configure:3488: result: no, using cp -p
configure:3492: checking how to recognize dependent libraries
configure:3678: result: pass_all
configure:4213: checking how to run the C preprocessor
configure:4253: /usr/local/arm/arm-2008q3-linux/bin/arm-none-linux-gnueabi-gcc -E  conftest.c
configure:4259: $? = 0
configure:4290: /usr/local/arm/arm-2008q3-linux/bin/arm-none-linux-gnueabi-gcc -E  conftest.c
conftest.c:8:28: error: ac_nonexistent.h: No such file or directory
configure:4296: $? = 1
configure: failed program was:
| /* confdefs.h.  */
| #define PACKAGE_NAME "canutils"
| #define PACKAGE_TARNAME "canutils"
| #define PACKAGE_VERSION "3.0.2"
| #define PACKAGE_STRING "canutils 3.0.2"
| #define PACKAGE_BUGREPORT "bugs@pengutronix.de"
| /* end confdefs.h.  */
| #include <ac_nonexistent.h>
configure:4329: result: /usr/local/arm/arm-2008q3-linux/bin/arm-none-linux-gnueabi-gcc -E
configure:4358: /usr/local/arm/arm-2008q3-linux/bin/arm-none-linux-gnueabi-gcc -E  conftest.c
configure:4364: $? = 0
configure:4395: /usr/local/arm/arm-2008q3-linux/bin/arm-none-linux-gnueabi-gcc -E  conftest.c
conftest.c:8:28: error: ac_nonexistent.h: No such file or directory
configure:4401: $? = 1
configure: failed program was:
| /* confdefs.h.  */
| #define PACKAGE_NAME "canutils"
| #define PACKAGE_TARNAME "canutils"
| #define PACKAGE_VERSION "3.0.2"
| #define PACKAGE_STRING "canutils 3.0.2"
| #define PACKAGE_BUGREPORT "bugs@pengutronix.de"
| /* end confdefs.h.  */
| #include <ac_nonexistent.h>
configure:4439: checking for ANSI C header files
configure:4469: /usr/local/arm/arm-2008q3-linux/bin/arm-none-linux-gnueabi-gcc -c  -Wall -g  conftest.c >&5
configure:4475: $? = 0
configure:4603: result: yes
configure:4627: checking for sys/types.h
configure:4648: /usr/local/arm/arm-2008q3-linux/bin/arm-none-linux-gnueabi-gcc -c  -Wall -g  conftest.c >&5
configure:4654: $? = 0
configure:4670: result: yes
configure:4627: checking for sys/stat.h
configure:4648: /usr/local/arm/arm-2008q3-linux/bin/arm-none-linux-gnueabi-gcc -c  -Wall -g  conftest.c >&5
configure:4654: $? = 0
configure:4670: result: yes
configure:4627: checking for stdlib.h
configure:4648: /usr/local/arm/arm-2008q3-linux/bin/arm-none-linux-gnueabi-gcc -c  -Wall -g  conftest.c >&5
configure:4654: $? = 0
configure:4670: result: yes
configure:4627: checking for string.h
configure:4648: /usr/local/arm/arm-2008q3-linux/bin/arm-none-linux-gnueabi-gcc -c  -Wall -g  conftest.c >&5
configure:4654: $? = 0
configure:4670: result: yes
configure:4627: checking for memory.h
configure:4648: /usr/local/arm/arm-2008q3-linux/bin/arm-none-linux-gnueabi-gcc -c  -Wall -g  conftest.c >&5
configure:4654: $? = 0
configure:4670: result: yes
configure:4627: checking for strings.h
configure:4648: /usr/local/arm/arm-2008q3-linux/bin/arm-none-linux-gnueabi-gcc -c  -Wall -g  conftest.c >&5
configure:4654: $? = 0
configure:4670: result: yes
configure:4627: checking for inttypes.h
configure:4648: /usr/local/arm/arm-2008q3-linux/bin/arm-none-linux-gnueabi-gcc -c  -Wall -g  conftest.c >&5
configure:4654: $? = 0
configure:4670: result: yes
configure:4627: checking for stdint.h
configure:4648: /usr/local/arm/arm-2008q3-linux/bin/arm-none-linux-gnueabi-gcc -c  -Wall -g  conftest.c >&5
configure:4654: $? = 0
configure:4670: result: yes
configure:4627: checking for unistd.h
configure:4648: /usr/local/arm/arm-2008q3-linux/bin/arm-none-linux-gnueabi-gcc -c  -Wall -g  conftest.c >&5
configure:4654: $? = 0
configure:4670: result: yes
configure:4697: checking dlfcn.h usability
configure:4714: /usr/local/arm/arm-2008q3-linux/bin/arm-none-linux-gnueabi-gcc -c  -Wall -g  conftest.c >&5
configure:4720: $? = 0
configure:4734: result: yes
configure:4738: checking dlfcn.h presence
configure:4753: /usr/local/arm/arm-2008q3-linux/bin/arm-none-linux-gnueabi-gcc -E  conftest.c
configure:4759: $? = 0
configure:4773: result: yes
configure:4806: checking for dlfcn.h
configure:4814: result: yes
configure:4841: checking for arm-linux-g++
configure:4871: result: no
configure:4841: checking for arm-linux-c++
configure:4871: result: no
configure:4841: checking for arm-linux-gpp
configure:4871: result: no
configure:4841: checking for arm-linux-aCC
configure:4871: result: no
configure:4841: checking for arm-linux-CC
configure:4871: result: no
configure:4841: checking for arm-linux-cxx
configure:4871: result: no
configure:4841: checking for arm-linux-cc++
configure:4871: result: no
configure:4841: checking for arm-linux-cl.exe
configure:4871: result: no
configure:4841: checking for arm-linux-FCC
configure:4871: result: no
configure:4841: checking for arm-linux-KCC
configure:4871: result: no
configure:4841: checking for arm-linux-RCC
configure:4871: result: no
configure:4841: checking for arm-linux-xlC_r
configure:4871: result: no
configure:4841: checking for arm-linux-xlC
configure:4871: result: no
configure:4885: checking for g++
configure:4901: found /usr/bin/g++
configure:4912: result: g++
configure:4930: WARNING: In the future, Autoconf will not detect cross-tools
whose name does not start with the host triplet.  If you think this
configuration is useful to you, please write to autoconf@gnu.org.
configure:4943: checking for C++ compiler version
configure:4950: g++ --version >&5
g++ (GCC) 4.4.7 20120313 (Red Hat 4.4.7-3)
Copyright (C) 2010 Free Software Foundation, Inc.
This is free software; see the source for copying conditions.  There is NO
warranty; not even for MERCHANTABILITY or FITNESS FOR A PARTICULAR PURPOSE.

configure:4953: $? = 0
configure:4960: g++ -v >&5
Using built-in specs.
Target: i686-redhat-linux
Configured with: ../configure --prefix=/usr --mandir=/usr/share/man --infodir=/usr/share/info --with-bugurl=http://bugzilla.redhat.com/bugzilla --enable-bootstrap --enable-shared --enable-threads=posix --enable-checking=release --with-system-zlib --enable-__cxa_atexit --disable-libunwind-exceptions --enable-gnu-unique-object --enable-languages=c,c++,objc,obj-c++,java,fortran,ada --enable-java-awt=gtk --disable-dssi --with-java-home=/usr/lib/jvm/java-1.5.0-gcj-1.5.0.0/jre --enable-libgcj-multifile --enable-java-maintainer-mode --with-ecj-jar=/usr/share/java/eclipse-ecj.jar --disable-libjava-multilib --with-ppl --with-cloog --with-tune=generic --with-arch=i686 --build=i686-redhat-linux
Thread model: posix
gcc version 4.4.7 20120313 (Red Hat 4.4.7-3) (GCC) 
configure:4963: $? = 0
configure:4970: g++ -V >&5
g++: '-V' option must have argument
configure:4973: $? = 1
configure:4976: checking whether we are using the GNU C++ compiler
configure:5005: g++ -c   conftest.cpp >&5
configure:5011: $? = 0
configure:5028: result: yes
configure:5033: checking whether g++ accepts -g
configure:5063: g++ -c -g  conftest.cpp >&5
configure:5069: $? = 0
configure:5168: result: yes
configure:5201: checking how to run the C++ preprocessor
configure:5237: g++ -E  conftest.cpp
configure:5243: $? = 0
configure:5274: g++ -E  conftest.cpp
conftest.cpp:19:28: error: ac_nonexistent.h: No such file or directory
configure:5280: $? = 1
configure: failed program was:
| /* confdefs.h.  */
| #define PACKAGE_NAME "canutils"
| #define PACKAGE_TARNAME "canutils"
| #define PACKAGE_VERSION "3.0.2"
| #define PACKAGE_STRING "canutils 3.0.2"
| #define PACKAGE_BUGREPORT "bugs@pengutronix.de"
| #define STDC_HEADERS 1
| #define HAVE_SYS_TYPES_H 1
| #define HAVE_SYS_STAT_H 1
| #define HAVE_STDLIB_H 1
| #define HAVE_STRING_H 1
| #define HAVE_MEMORY_H 1
| #define HAVE_STRINGS_H 1
| #define HAVE_INTTYPES_H 1
| #define HAVE_STDINT_H 1
| #define HAVE_UNISTD_H 1
| #define HAVE_DLFCN_H 1
| /* end confdefs.h.  */
| #include <ac_nonexistent.h>
configure:5313: result: g++ -E
configure:5342: g++ -E  conftest.cpp
configure:5348: $? = 0
configure:5379: g++ -E  conftest.cpp
conftest.cpp:19:28: error: ac_nonexistent.h: No such file or directory
configure:5385: $? = 1
configure: failed program was:
| /* confdefs.h.  */
| #define PACKAGE_NAME "canutils"
| #define PACKAGE_TARNAME "canutils"
| #define PACKAGE_VERSION "3.0.2"
| #define PACKAGE_STRING "canutils 3.0.2"
| #define PACKAGE_BUGREPORT "bugs@pengutronix.de"
| #define STDC_HEADERS 1
| #define HAVE_SYS_TYPES_H 1
| #define HAVE_SYS_STAT_H 1
| #define HAVE_STDLIB_H 1
| #define HAVE_STRING_H 1
| #define HAVE_MEMORY_H 1
| #define HAVE_STRINGS_H 1
| #define HAVE_INTTYPES_H 1
| #define HAVE_STDINT_H 1
| #define HAVE_UNISTD_H 1
| #define HAVE_DLFCN_H 1
| /* end confdefs.h.  */
| #include <ac_nonexistent.h>
configure:5434: checking for arm-linux-g77
configure:5464: result: no
configure:5434: checking for arm-linux-xlf
configure:5464: result: no
configure:5434: checking for arm-linux-f77
configure:5464: result: no
configure:5434: checking for arm-linux-frt
configure:5464: result: no
configure:5434: checking for arm-linux-pgf77
configure:5464: result: no
configure:5434: checking for arm-linux-cf77
configure:5464: result: no
configure:5434: checking for arm-linux-fort77
configure:5464: result: no
configure:5434: checking for arm-linux-fl32
configure:5464: result: no
configure:5434: checking for arm-linux-af77
configure:5464: result: no
configure:5434: checking for arm-linux-xlf90
configure:5464: result: no
configure:5434: checking for arm-linux-f90
configure:5464: result: no
configure:5434: checking for arm-linux-pgf90
configure:5464: result: no
configure:5434: checking for arm-linux-pghpf
configure:5464: result: no
configure:5434: checking for arm-linux-epcf90
configure:5464: result: no
configure:5434: checking for arm-linux-gfortran
configure:5464: result: no
configure:5434: checking for arm-linux-g95
configure:5464: result: no
configure:5434: checking for arm-linux-xlf95
configure:5464: result: no
configure:5434: checking for arm-linux-f95
configure:5464: result: no
configure:5434: checking for arm-linux-fort
configure:5464: result: no
configure:5434: checking for arm-linux-ifort
configure:5464: result: no
configure:5434: checking for arm-linux-ifc
configure:5464: result: no
configure:5434: checking for arm-linux-efc
configure:5464: result: no
configure:5434: checking for arm-linux-pgf95
configure:5464: result: no
configure:5434: checking for arm-linux-lf95
configure:5464: result: no
configure:5434: checking for arm-linux-ftn
configure:5464: result: no
configure:5478: checking for g77
configure:5508: result: no
configure:5478: checking for xlf
configure:5508: result: no
configure:5478: checking for f77
configure:5508: result: no
configure:5478: checking for frt
configure:5508: result: no
configure:5478: checking for pgf77
configure:5508: result: no
configure:5478: checking for cf77
configure:5508: result: no
configure:5478: checking for fort77
configure:5508: result: no
configure:5478: checking for fl32
configure:5508: result: no
configure:5478: checking for af77
configure:5508: result: no
configure:5478: checking for xlf90
configure:5508: result: no
configure:5478: checking for f90
configure:5508: result: no
configure:5478: checking for pgf90
configure:5508: result: no
configure:5478: checking for pghpf
configure:5508: result: no
configure:5478: checking for epcf90
configure:5508: result: no
configure:5478: checking for gfortran
configure:5494: found /usr/bin/gfortran
configure:5505: result: gfortran
configure:5535: checking for Fortran 77 compiler version
configure:5542: gfortran --version >&5
GNU Fortran (GCC) 4.4.7 20120313 (Red Hat 4.4.7-3)
Copyright (C) 2010 Free Software Foundation, Inc.

GNU Fortran comes with NO WARRANTY, to the extent permitted by law.
You may redistribute copies of GNU Fortran
under the terms of the GNU General Public License.
For more information about these matters, see the file named COPYING

configure:5545: $? = 0
configure:5552: gfortran -v >&5
Using built-in specs.
Target: i686-redhat-linux
Configured with: ../configure --prefix=/usr --mandir=/usr/share/man --infodir=/usr/share/info --with-bugurl=http://bugzilla.redhat.com/bugzilla --enable-bootstrap --enable-shared --enable-threads=posix --enable-checking=release --with-system-zlib --enable-__cxa_atexit --disable-libunwind-exceptions --enable-gnu-unique-object --enable-languages=c,c++,objc,obj-c++,java,fortran,ada --enable-java-awt=gtk --disable-dssi --with-java-home=/usr/lib/jvm/java-1.5.0-gcj-1.5.0.0/jre --enable-libgcj-multifile --enable-java-maintainer-mode --with-ecj-jar=/usr/share/java/eclipse-ecj.jar --disable-libjava-multilib --with-ppl --with-cloog --with-tune=generic --with-arch=i686 --build=i686-redhat-linux
Thread model: posix
gcc version 4.4.7 20120313 (Red Hat 4.4.7-3) (GCC) 
configure:5555: $? = 0
configure:5562: gfortran -V >&5
gfortran: '-V' option must have argument
configure:5565: $? = 1
configure:5573: checking whether we are using the GNU Fortran 77 compiler
configure:5592: gfortran -c  conftest.F >&5
configure:5598: $? = 0
configure:5615: result: yes
configure:5621: checking whether gfortran accepts -g
configure:5638: gfortran -c -g conftest.f >&5
configure:5644: $? = 0
configure:5660: result: yes
configure:5689: checking the maximum length of command line arguments
configure:5801: result: 1966080
configure:5813: checking command to parse nm output from /usr/local/arm/arm-2008q3-linux/bin/arm-none-linux-gnueabi-gcc object
configure:5918: /usr/local/arm/arm-2008q3-linux/bin/arm-none-linux-gnueabi-gcc -c  -Wall -g  conftest.c >&5
configure:5921: $? = 0
configure:5925: nm conftest.o \| sed -n -e 's/^.*[ 	]\([ABCDGIRSTW][ABCDGIRSTW]*\)[ 	][ 	]*\([_A-Za-z][_A-Za-z0-9]*\)$/\1 \2 \2/p' \> conftest.nm
configure:5928: $? = 0
configure:5980: /usr/local/arm/arm-2008q3-linux/bin/arm-none-linux-gnueabi-gcc -o conftest  -Wall -g   conftest.c conftstm.o >&5
configure:5983: $? = 0
configure:6021: result: ok
configure:6025: checking for objdir
configure:6040: result: .libs
configure:6092: checking for arm-linux-ar
configure:6122: result: no
configure:6132: checking for ar
configure:6148: found /usr/bin/ar
configure:6159: result: ar
configure:6188: checking for arm-linux-ranlib
configure:6218: result: no
configure:6228: checking for ranlib
configure:6244: found /usr/bin/ranlib
configure:6255: result: ranlib
configure:6284: checking for arm-linux-strip
configure:6314: result: no
configure:6324: checking for strip
configure:6340: found /usr/bin/strip
configure:6351: result: strip
configure:6949: checking if /usr/local/arm/arm-2008q3-linux/bin/arm-none-linux-gnueabi-gcc supports -fno-rtti -fno-exceptions
configure:6967: /usr/local/arm/arm-2008q3-linux/bin/arm-none-linux-gnueabi-gcc -c  -Wall -g  -fno-rtti -fno-exceptions conftest.c >&5
cc1: warning: command line option "-fno-rtti" is valid for C++/ObjC++ but not for C
configure:6971: $? = 0
configure:6984: result: no
configure:6999: checking for /usr/local/arm/arm-2008q3-linux/bin/arm-none-linux-gnueabi-gcc option to produce PIC
configure:7231: result: -fPIC
configure:7239: checking if /usr/local/arm/arm-2008q3-linux/bin/arm-none-linux-gnueabi-gcc PIC flag -fPIC works
configure:7257: /usr/local/arm/arm-2008q3-linux/bin/arm-none-linux-gnueabi-gcc -c  -Wall -g  -fPIC -DPIC conftest.c >&5
configure:7261: $? = 0
configure:7274: result: yes
configure:7302: checking if /usr/local/arm/arm-2008q3-linux/bin/arm-none-linux-gnueabi-gcc static flag -static works
configure:7330: result: yes
configure:7340: checking if /usr/local/arm/arm-2008q3-linux/bin/arm-none-linux-gnueabi-gcc supports -c -o file.o
configure:7361: /usr/local/arm/arm-2008q3-linux/bin/arm-none-linux-gnueabi-gcc -c  -Wall -g  -o out/conftest2.o conftest.c >&5
configure:7365: $? = 0
configure:7387: result: yes
configure:7413: checking whether the /usr/local/arm/arm-2008q3-linux/bin/arm-none-linux-gnueabi-gcc linker (/usr/local/arm/arm-2008q3-linux/arm-none-linux-gnueabi/bin/ld) supports shared libraries
configure:8394: result: yes
configure:8415: checking whether -lc should be explicitly linked in
configure:8420: /usr/local/arm/arm-2008q3-linux/bin/arm-none-linux-gnueabi-gcc -c  -Wall -g  conftest.c >&5
configure:8423: $? = 0
configure:8438: /usr/local/arm/arm-2008q3-linux/bin/arm-none-linux-gnueabi-gcc -shared conftest.o  -v -Wl,-soname -Wl,conftest -o conftest 2\>\&1 \| grep  -lc  \>/dev/null 2\>\&1
configure:8441: $? = 0
configure:8453: result: no
configure:8461: checking dynamic linker characteristics
configure:9075: result: GNU/Linux ld.so
configure:9099: checking how to hardcode library paths into programs
configure:9124: result: immediate
configure:9138: checking whether stripping libraries is possible
configure:9143: result: yes
configure:9945: checking if libtool supports shared libraries
configure:9947: result: yes
configure:9950: checking whether to build shared libraries
configure:9971: result: yes
configure:9974: checking whether to build static libraries
configure:9978: result: yes
configure:10072: creating libtool
configure:10665: checking for ld used by g++
configure:10732: result: /usr/local/arm/arm-2008q3-linux/arm-none-linux-gnueabi/bin/ld
configure:10741: checking if the linker (/usr/local/arm/arm-2008q3-linux/arm-none-linux-gnueabi/bin/ld) is GNU ld
configure:10756: result: yes
configure:10807: checking whether the g++ linker (/usr/local/arm/arm-2008q3-linux/arm-none-linux-gnueabi/bin/ld) supports shared libraries
configure:11753: result: yes
configure:11770: g++ -c -g -O2  conftest.cpp >&5
configure:11773: $? = 0
configure:11929: checking for g++ option to produce PIC
configure:12213: result: -fPIC
configure:12221: checking if g++ PIC flag -fPIC works
configure:12239: g++ -c -g -O2  -fPIC -DPIC conftest.cpp >&5
configure:12243: $? = 0
configure:12256: result: yes
configure:12284: checking if g++ static flag -static works
configure:12312: result: no
configure:12322: checking if g++ supports -c -o file.o
configure:12343: g++ -c -g -O2  -o out/conftest2.o conftest.cpp >&5
configure:12347: $? = 0
configure:12369: result: yes
configure:12395: checking whether the g++ linker (/usr/local/arm/arm-2008q3-linux/arm-none-linux-gnueabi/bin/ld) supports shared libraries
configure:12424: result: yes
configure:12491: checking dynamic linker characteristics
configure:13053: result: GNU/Linux ld.so
configure:13077: checking how to hardcode library paths into programs
configure:13102: result: immediate
configure:13641: checking if libtool supports shared libraries
configure:13643: result: yes
configure:13646: checking whether to build shared libraries
configure:13666: result: yes
configure:13669: checking whether to build static libraries
configure:13673: result: yes
configure:13683: checking for gfortran option to produce PIC
configure:13915: result: -fPIC
configure:13923: checking if gfortran PIC flag -fPIC works
configure:13941: gfortran -c -g -O2 -fPIC conftest.f >&5
configure:13945: $? = 0
configure:13958: result: yes
configure:13986: checking if gfortran static flag -static works
configure:14014: result: no
configure:14024: checking if gfortran supports -c -o file.o
configure:14045: gfortran -c -g -O2 -o out/conftest2.o conftest.f >&5
configure:14049: $? = 0
configure:14071: result: yes
configure:14097: checking whether the gfortran linker (/usr/local/arm/arm-2008q3-linux/arm-none-linux-gnueabi/bin/ld) supports shared libraries
configure:15058: result: yes
configure:15125: checking dynamic linker characteristics
configure:15687: result: GNU/Linux ld.so
configure:15711: checking how to hardcode library paths into programs
configure:15736: result: immediate
configure:19367: checking for a BSD-compatible install
configure:19423: result: /usr/bin/install -c
configure:19434: checking whether build environment is sane
configure:19477: result: yes
configure:19492: checking for a thread-safe mkdir -p
configure:19531: result: /bin/mkdir -p
configure:19544: checking for gawk
configure:19560: found /usr/bin/gawk
configure:19571: result: gawk
configure:19582: checking whether make sets $(MAKE)
configure:19603: result: yes
configure:19633: checking for style of include used by make
configure:19661: result: GNU
configure:19745: checking for arm-linux-strip
configure:19772: result: strip
configure:19854: checking dependency style of /usr/local/arm/arm-2008q3-linux/bin/arm-none-linux-gnueabi-gcc
configure:19945: result: gcc3
configure:19962: checking dependency style of g++
configure:20053: result: gcc3
configure:20079: checking for ANSI C header files
configure:20243: result: yes
configure:20283: checking fcntl.h usability
configure:20300: /usr/local/arm/arm-2008q3-linux/bin/arm-none-linux-gnueabi-gcc -c  -Wall -g  conftest.c >&5
configure:20306: $? = 0
configure:20320: result: yes
configure:20324: checking fcntl.h presence
configure:20339: /usr/local/arm/arm-2008q3-linux/bin/arm-none-linux-gnueabi-gcc -E  conftest.c
configure:20345: $? = 0
configure:20359: result: yes
configure:20392: checking for fcntl.h
configure:20400: result: yes
configure:20283: checking limits.h usability
configure:20300: /usr/local/arm/arm-2008q3-linux/bin/arm-none-linux-gnueabi-gcc -c  -Wall -g  conftest.c >&5
configure:20306: $? = 0
configure:20320: result: yes
configure:20324: checking limits.h presence
configure:20339: /usr/local/arm/arm-2008q3-linux/bin/arm-none-linux-gnueabi-gcc -E  conftest.c
configure:20345: $? = 0
configure:20359: result: yes
configure:20392: checking for limits.h
configure:20400: result: yes
configure:20273: checking for stdlib.h
configure:20279: result: yes
configure:20273: checking for string.h
configure:20279: result: yes
configure:20273: checking for unistd.h
configure:20279: result: yes
configure:20283: checking sys/ioctl.h usability
configure:20300: /usr/local/arm/arm-2008q3-linux/bin/arm-none-linux-gnueabi-gcc -c  -Wall -g  conftest.c >&5
configure:20306: $? = 0
configure:20320: result: yes
configure:20324: checking sys/ioctl.h presence
configure:20339: /usr/local/arm/arm-2008q3-linux/bin/arm-none-linux-gnueabi-gcc -E  conftest.c
configure:20345: $? = 0
configure:20359: result: yes
configure:20392: checking for sys/ioctl.h
configure:20400: result: yes
configure:20283: checking sys/socket.h usability
configure:20300: /usr/local/arm/arm-2008q3-linux/bin/arm-none-linux-gnueabi-gcc -c  -Wall -g  conftest.c >&5
configure:20306: $? = 0
configure:20320: result: yes
configure:20324: checking sys/socket.h presence
configure:20339: /usr/local/arm/arm-2008q3-linux/bin/arm-none-linux-gnueabi-gcc -E  conftest.c
configure:20345: $? = 0
configure:20359: result: yes
configure:20392: checking for sys/socket.h
configure:20400: result: yes
configure:20417: checking for an ANSI C-conforming const
configure:20492: /usr/local/arm/arm-2008q3-linux/bin/arm-none-linux-gnueabi-gcc -c  -Wall -g  conftest.c >&5
configure:20498: $? = 0
configure:20513: result: yes
configure:20523: checking for size_t
configure:20553: /usr/local/arm/arm-2008q3-linux/bin/arm-none-linux-gnueabi-gcc -c  -Wall -g  conftest.c >&5
configure:20559: $? = 0
configure:20574: result: yes
configure:20586: checking for ssize_t
configure:20616: /usr/local/arm/arm-2008q3-linux/bin/arm-none-linux-gnueabi-gcc -c  -Wall -g  conftest.c >&5
configure:20622: $? = 0
configure:20637: result: yes
configure:20650: checking for uint32_t
configure:20681: /usr/local/arm/arm-2008q3-linux/bin/arm-none-linux-gnueabi-gcc -c  -Wall -g  conftest.c >&5
configure:20687: $? = 0
configure:20708: result: yes
configure:20731: checking whether /usr/local/arm/arm-2008q3-linux/bin/arm-none-linux-gnueabi-gcc needs -traditional
configure:20773: result: no
configure:20780: checking return type of signal handlers
configure:20808: /usr/local/arm/arm-2008q3-linux/bin/arm-none-linux-gnueabi-gcc -c  -Wall -g  conftest.c >&5
conftest.c: In function 'main':
conftest.c:35: error: void value not ignored as it ought to be
configure:20814: $? = 1
configure: failed program was:
| /* confdefs.h.  */
| #define PACKAGE_NAME "canutils"
| #define PACKAGE_TARNAME "canutils"
| #define PACKAGE_VERSION "3.0.2"
| #define PACKAGE_STRING "canutils 3.0.2"
| #define PACKAGE_BUGREPORT "bugs@pengutronix.de"
| #define STDC_HEADERS 1
| #define HAVE_SYS_TYPES_H 1
| #define HAVE_SYS_STAT_H 1
| #define HAVE_STDLIB_H 1
| #define HAVE_STRING_H 1
| #define HAVE_MEMORY_H 1
| #define HAVE_STRINGS_H 1
| #define HAVE_INTTYPES_H 1
| #define HAVE_STDINT_H 1
| #define HAVE_UNISTD_H 1
| #define HAVE_DLFCN_H 1
| #define PACKAGE "canutils"
| #define VERSION "3.0.2"
| #define STDC_HEADERS 1
| #define HAVE_FCNTL_H 1
| #define HAVE_LIMITS_H 1
| #define HAVE_STDLIB_H 1
| #define HAVE_STRING_H 1
| #define HAVE_UNISTD_H 1
| #define HAVE_SYS_IOCTL_H 1
| #define HAVE_SYS_SOCKET_H 1
| /* end confdefs.h.  */
| #include <sys/types.h>
| #include <signal.h>
| 
| int
| main ()
| {
| return *(signal (0, 0)) (0) == 1;
|   ;
|   return 0;
| }
configure:20829: result: void
configure:20837: checking whether lstat dereferences a symlink specified with a trailing slash
configure:20908: result: no
configure:20927: checking whether stat accepts an empty string
configure:20985: result: yes
configure:21011: checking for socket
configure:21067: /usr/local/arm/arm-2008q3-linux/bin/arm-none-linux-gnueabi-gcc -o conftest  -Wall -g   conftest.c  >&5
configure:21073: $? = 0
configure:21091: result: yes
configure:21011: checking for strchr
configure:21067: /usr/local/arm/arm-2008q3-linux/bin/arm-none-linux-gnueabi-gcc -o conftest  -Wall -g   conftest.c  >&5
conftest.c:55: warning: conflicting types for built-in function 'strchr'
configure:21073: $? = 0
configure:21091: result: yes
configure:21011: checking for strtoul
configure:21067: /usr/local/arm/arm-2008q3-linux/bin/arm-none-linux-gnueabi-gcc -o conftest  -Wall -g   conftest.c  >&5
configure:21073: $? = 0
configure:21091: result: yes
configure:21106: checking whether to enable debugging
configure:21118: result: no
configure:21255: creating ./config.status

## ---------------------- ##
## Running config.status. ##
## ---------------------- ##

This file was extended by canutils config.status 3.0.2, which was
generated by GNU Autoconf 2.61.  Invocation command line was

  CONFIG_FILES    = 
  CONFIG_HEADERS  = 
  CONFIG_LINKS    = 
  CONFIG_COMMANDS = 
  $ ./config.status 

on chard

config.status:673: creating GNUmakefile
config.status:673: creating config/canutils.pc
config.status:673: creating config/GNUmakefile
config.status:673: creating include/GNUmakefile
config.status:673: creating src/GNUmakefile
config.status:673: creating man/GNUmakefile
config.status:673: creating include/can_config.h
config.status:960: executing depfiles commands

## ---------------- ##
## Cache variables. ##
## ---------------- ##

ac_cv_build=i686-pc-linux-gnu
ac_cv_c_compiler_gnu=yes
ac_cv_c_const=yes
ac_cv_c_uint32_t=yes
ac_cv_cxx_compiler_gnu=yes
ac_cv_env_CCC_set=
ac_cv_env_CCC_value=
ac_cv_env_CC_set=set
ac_cv_env_CC_value=/usr/local/arm/arm-2008q3-linux/bin/arm-none-linux-gnueabi-gcc
ac_cv_env_CFLAGS_set=
ac_cv_env_CFLAGS_value=
ac_cv_env_CPPFLAGS_set=
ac_cv_env_CPPFLAGS_value=
ac_cv_env_CPP_set=
ac_cv_env_CPP_value=
ac_cv_env_CXXCPP_set=
ac_cv_env_CXXCPP_value=
ac_cv_env_CXXFLAGS_set=
ac_cv_env_CXXFLAGS_value=
ac_cv_env_CXX_set=
ac_cv_env_CXX_value=
ac_cv_env_F77_set=
ac_cv_env_F77_value=
ac_cv_env_FFLAGS_set=
ac_cv_env_FFLAGS_value=
ac_cv_env_LDFLAGS_set=
ac_cv_env_LDFLAGS_value=
ac_cv_env_LIBS_set=
ac_cv_env_LIBS_value=
ac_cv_env_build_alias_set=
ac_cv_env_build_alias_value=
ac_cv_env_host_alias_set=set
ac_cv_env_host_alias_value=arm-linux
ac_cv_env_target_alias_set=
ac_cv_env_target_alias_value=
ac_cv_f77_compiler_gnu=yes
ac_cv_func_lstat_dereferences_slashed_symlink=no
ac_cv_func_socket=yes
ac_cv_func_stat_empty_string_bug=yes
ac_cv_func_strchr=yes
ac_cv_func_strtoul=yes
ac_cv_header_dlfcn_h=yes
ac_cv_header_fcntl_h=yes
ac_cv_header_inttypes_h=yes
ac_cv_header_limits_h=yes
ac_cv_header_memory_h=yes
ac_cv_header_stdc=yes
ac_cv_header_stdint_h=yes
ac_cv_header_stdlib_h=yes
ac_cv_header_string_h=yes
ac_cv_header_strings_h=yes
ac_cv_header_sys_ioctl_h=yes
ac_cv_header_sys_socket_h=yes
ac_cv_header_sys_stat_h=yes
ac_cv_header_sys_types_h=yes
ac_cv_header_unistd_h=yes
ac_cv_host=arm-unknown-linux-gnu
ac_cv_objext=o
ac_cv_path_EGREP='/bin/grep -E'
ac_cv_path_GREP=/bin/grep
ac_cv_path_install='/usr/bin/install -c'
ac_cv_path_mkdir=/bin/mkdir
ac_cv_prog_AWK=gawk
ac_cv_prog_CC=/usr/local/arm/arm-2008q3-linux/bin/arm-none-linux-gnueabi-gcc
ac_cv_prog_CPP='/usr/local/arm/arm-2008q3-linux/bin/arm-none-linux-gnueabi-gcc -E'
ac_cv_prog_CXXCPP='g++ -E'
ac_cv_prog_STRIP=strip
ac_cv_prog_ac_ct_AR=ar
ac_cv_prog_ac_ct_CXX=g++
ac_cv_prog_ac_ct_F77=gfortran
ac_cv_prog_ac_ct_RANLIB=ranlib
ac_cv_prog_ac_ct_STRIP=strip
ac_cv_prog_cc_c89=
ac_cv_prog_cc_g=yes
ac_cv_prog_cxx_g=yes
ac_cv_prog_f77_g=yes
ac_cv_prog_gcc_traditional=no
ac_cv_prog_make_make_set=yes
ac_cv_type_signal=void
ac_cv_type_size_t=yes
ac_cv_type_ssize_t=yes
am_cv_CC_dependencies_compiler_type=gcc3
am_cv_CXX_dependencies_compiler_type=gcc3
lt_cv_deplibs_check_method=pass_all
lt_cv_file_magic_cmd='$MAGIC_CMD'
lt_cv_file_magic_test_file=
lt_cv_ld_reload_flag=-r
lt_cv_objdir=.libs
lt_cv_path_LD=/usr/local/arm/arm-2008q3-linux/arm-none-linux-gnueabi/bin/ld
lt_cv_path_LDCXX=/usr/local/arm/arm-2008q3-linux/arm-none-linux-gnueabi/bin/ld
lt_cv_path_NM=nm
lt_cv_path_SED=/bin/sed
lt_cv_prog_compiler_c_o=yes
lt_cv_prog_compiler_c_o_CXX=yes
lt_cv_prog_compiler_c_o_F77=yes
lt_cv_prog_compiler_pic_works=yes
lt_cv_prog_compiler_pic_works_CXX=yes
lt_cv_prog_compiler_pic_works_F77=yes
lt_cv_prog_compiler_rtti_exceptions=no
lt_cv_prog_compiler_static_works=yes
lt_cv_prog_compiler_static_works_CXX=no
lt_cv_prog_compiler_static_works_F77=no
lt_cv_prog_gnu_ld=yes
lt_cv_prog_gnu_ldcxx=yes
lt_cv_sys_global_symbol_pipe='sed -n -e '\''s/^.*[ 	]\([ABCDGIRSTW][ABCDGIRSTW]*\)[ 	][ 	]*\([_A-Za-z][_A-Za-z0-9]*\)$/\1 \2 \2/p'\'''
lt_cv_sys_global_symbol_to_c_name_address='sed -n -e '\''s/^: \([^ ]*\) $/  {\"\1\", (lt_ptr) 0},/p'\'' -e '\''s/^[BCDEGRST] \([^ ]*\) \([^ ]*\)$/  {"\2", (lt_ptr) \&\2},/p'\'''
lt_cv_sys_global_symbol_to_cdecl='sed -n -e '\''s/^. .* \(.*\)$/extern int \1;/p'\'''
lt_cv_sys_lib_dlsearch_path_spec='/lib /usr/lib /usr/lib/mysql /usr/lib/qt-3.3/lib /usr/lib/vmware-tools/lib32/libvmGuestLib.so /usr/lib/vmware-tools/lib64/libvmGuestLib.so /usr/lib/vmware-tools/lib32/libvmGuestLibJava.so /usr/lib/vmware-tools/lib64/libvmGuestLibJava.so /usr/lib/vmware-tools/lib32/libDeployPkg.so /usr/lib/vmware-tools/lib64/libDeployPkg.so /usr/lib/xulrunner-2 '
lt_cv_sys_lib_search_path_spec='/usr/local/arm/arm-2008q3-linux/lib/gcc/arm-none-linux-gnueabi/4.3.2 /usr/local/arm/arm-2008q3-linux/lib/gcc /usr/local/arm/arm-2008q3-linux/arm-none-linux-gnueabi/lib /usr/local/arm/arm-2008q3-linux/arm-none-linux-gnueabi/libc/lib /usr/local/arm/arm-2008q3-linux/arm-none-linux-gnueabi/libc/usr/lib'
lt_cv_sys_max_cmd_len=1966080
lt_lt_cv_prog_compiler_c_o='"yes"'
lt_lt_cv_prog_compiler_c_o_CXX='"yes"'
lt_lt_cv_prog_compiler_c_o_F77='"yes"'
lt_lt_cv_sys_global_symbol_pipe='"sed -n -e '\''s/^.*[ 	]\\([ABCDGIRSTW][ABCDGIRSTW]*\\)[ 	][ 	]*\\([_A-Za-z][_A-Za-z0-9]*\\)\$/\\1 \\2 \\2/p'\''"'
lt_lt_cv_sys_global_symbol_to_c_name_address='"sed -n -e '\''s/^: \\([^ ]*\\) \$/  {\\\"\\1\\\", (lt_ptr) 0},/p'\'' -e '\''s/^[BCDEGRST] \\([^ ]*\\) \\([^ ]*\\)\$/  {\"\\2\", (lt_ptr) \\&\\2},/p'\''"'
lt_lt_cv_sys_global_symbol_to_cdecl='"sed -n -e '\''s/^. .* \\(.*\\)\$/extern int \\1;/p'\''"'

## ----------------- ##
## Output variables. ##
## ----------------- ##

ACLOCAL='${SHELL} /mnt/hgfs/asm9260/canutils-3.0.2/config/autoconf/missing --run aclocal-1.10'
AMDEPBACKSLASH='\'
AMDEP_FALSE='#'
AMDEP_TRUE=''
AMTAR='${SHELL} /mnt/hgfs/asm9260/canutils-3.0.2/config/autoconf/missing --run tar'
AR='ar'
AS='as'
AUTOCONF='${SHELL} /mnt/hgfs/asm9260/canutils-3.0.2/config/autoconf/missing --run autoconf'
AUTOHEADER='${SHELL} /mnt/hgfs/asm9260/canutils-3.0.2/config/autoconf/missing --run autoheader'
AUTOMAKE='${SHELL} /mnt/hgfs/asm9260/canutils-3.0.2/config/autoconf/missing --run automake-1.10'
AWK='gawk'
CC='/usr/local/arm/arm-2008q3-linux/bin/arm-none-linux-gnueabi-gcc'
CCDEPMODE='depmode=gcc3'
CFLAGS=' -Wall -g -O2'
CPP='/usr/local/arm/arm-2008q3-linux/bin/arm-none-linux-gnueabi-gcc -E'
CPPFLAGS=''
CXX='g++'
CXXCPP='g++ -E'
CXXDEPMODE='depmode=gcc3'
CXXFLAGS='-g -O2'
CYGPATH_W='echo'
DEFS='-DHAVE_CONFIG_H'
DEPDIR='.deps'
DLLTOOL='dlltool'
DSYMUTIL=''
ECHO='echo'
ECHO_C=''
ECHO_N='-n'
ECHO_T=''
EGREP='/bin/grep -E'
EXEEXT=''
F77='gfortran'
FFLAGS='-g -O2'
GREP='/bin/grep'
INSTALL_DATA='${INSTALL} -m 644'
INSTALL_PROGRAM='${INSTALL}'
INSTALL_SCRIPT='${INSTALL}'
INSTALL_STRIP_PROGRAM='$(install_sh) -c -s'
LDFLAGS=''
LIBOBJS=' ${LIBOBJDIR}lstat$U.o ${LIBOBJDIR}stat$U.o'
LIBS=''
LIBTOOL='$(SHELL) $(top_builddir)/libtool'
LN_S='cp -p'
LTLIBOBJS=' ${LIBOBJDIR}lstat$U.lo ${LIBOBJDIR}stat$U.lo'
MAKEINFO='${SHELL} /mnt/hgfs/asm9260/canutils-3.0.2/config/autoconf/missing --run makeinfo'
NMEDIT=''
OBJDUMP='objdump'
OBJEXT='o'
PACKAGE='canutils'
PACKAGE_BUGREPORT='bugs@pengutronix.de'
PACKAGE_NAME='canutils'
PACKAGE_STRING='canutils 3.0.2'
PACKAGE_TARNAME='canutils'
PACKAGE_VERSION='3.0.2'
PATH_SEPARATOR=':'
PERL='${SHELL} /mnt/hgfs/asm9260/canutils-3.0.2/config/autoconf/missing --run perl'
RANLIB='ranlib'
SED='/bin/sed'
SET_MAKE=''
SHELL='/bin/sh'
STRIP='strip'
VERSION='3.0.2'
ac_ct_CC=''
ac_ct_CXX='g++'
ac_ct_F77='gfortran'
am__fastdepCC_FALSE='#'
am__fastdepCC_TRUE=''
am__fastdepCXX_FALSE='#'
am__fastdepCXX_TRUE=''
am__include='include'
am__isrc=''
am__leading_dot='.'
am__quote=''
am__tar='${AMTAR} chof - "$$tardir"'
am__untar='${AMTAR} xf -'
bindir='${exec_prefix}/bin'
build='i686-pc-linux-gnu'
build_alias=''
build_cpu='i686'
build_os='linux-gnu'
build_vendor='pc'
datadir='${datarootdir}'
datarootdir='${prefix}/share'
docdir='${datarootdir}/doc/${PACKAGE_TARNAME}'
dvidir='${docdir}'
exec_prefix='${prefix}'
host='arm-unknown-linux-gnu'
host_alias='arm-linux'
host_cpu='arm'
host_os='linux-gnu'
host_vendor='unknown'
htmldir='${docdir}'
includedir='${prefix}/include'
infodir='${datarootdir}/info'
install_sh='$(SHELL) /mnt/hgfs/asm9260/canutils-3.0.2/config/autoconf/install-sh'
libdir='${exec_prefix}/lib'
libexecdir='${exec_prefix}/libexec'
localedir='${datarootdir}/locale'
localstatedir='${prefix}/var'
mandir='${datarootdir}/man'
mkdir_p='/bin/mkdir -p'
oldincludedir='/usr/include'
pdfdir='${docdir}'
prefix='/usr/local'
program_transform_name='s&^&/root/can_test/&'
psdir='${docdir}'
sbindir='${exec_prefix}/sbin'
sharedstatedir='${prefix}/com'
sysconfdir='${prefix}/etc'
target_alias=''

## ----------- ##
## confdefs.h. ##
## ----------- ##

#define PACKAGE_NAME "canutils"
#define PACKAGE_TARNAME "canutils"
#define PACKAGE_VERSION "3.0.2"
#define PACKAGE_STRING "canutils 3.0.2"
#define PACKAGE_BUGREPORT "bugs@pengutronix.de"
#define STDC_HEADERS 1
#define HAVE_SYS_TYPES_H 1
#define HAVE_SYS_STAT_H 1
#define HAVE_STDLIB_H 1
#define HAVE_STRING_H 1
#define HAVE_MEMORY_H 1
#define HAVE_STRINGS_H 1
#define HAVE_INTTYPES_H 1
#define HAVE_STDINT_H 1
#define HAVE_UNISTD_H 1
#define HAVE_DLFCN_H 1
#define PACKAGE "canutils"
#define VERSION "3.0.2"
#define STDC_HEADERS 1
#define HAVE_FCNTL_H 1
#define HAVE_LIMITS_H 1
#define HAVE_STDLIB_H 1
#define HAVE_STRING_H 1
#define HAVE_UNISTD_H 1
#define HAVE_SYS_IOCTL_H 1
#define HAVE_SYS_SOCKET_H 1
#define RETSIGTYPE void
#define HAVE_STAT_EMPTY_STRING_BUG 1
#define HAVE_SOCKET 1
#define HAVE_STRCHR 1
#define HAVE_STRTOUL 1

configure: exit 0
